Build started 03/04/2015 00:06:00.
     1>Project "D:\Libaries\Uni Work\Year 3\Part III Project\Source_vs\skydiver_blobs\skydiver_blobs.vcxproj" on node 2 (Build target(s)).
     1>ClCompile:
         D:\Program Files (x86)\Microsoft Visual Studio 12.0\VC\bin\CL.exe /c /I..\..\external_libs\OpenCV\include /Zi /nologo /W3 /WX- /Od /Oy- /D WIN32 /D _DEBUG /D _CONSOLE /Gm /EHsc /RTC1 /MDd /GS /fp:precise /Zc:wchar_t /Zc:forScope /Fo"Debug\\" /Fd"Debug\vc120.pdb" /Gd /TP /analyze- /errorReport:prompt skydiver_blobs.cpp
         skydiver_blobs.cpp
     1>d:\libaries\uni work\year 3\part iii project\source_vs\skydiver_blobs\../mw_libCV.h(120): warning C4244: '=' : conversion from 'double' to 'float', possible loss of data
     1>d:\libaries\uni work\year 3\part iii project\source_vs\skydiver_blobs\../mw_libCV.h(121): warning C4244: '=' : conversion from 'double' to 'float', possible loss of data
     1>d:\libaries\uni work\year 3\part iii project\source_vs\skydiver_blobs\../mw_libCV.h(133): warning C4018: '<' : signed/unsigned mismatch
     1>d:\libaries\uni work\year 3\part iii project\source_vs\skydiver_blobs\../mw_libCV.h(137): warning C4244: 'argument' : conversion from 'double' to 'int', possible loss of data
     1>d:\libaries\uni work\year 3\part iii project\source_vs\skydiver_blobs\../mw_libCV.h(150): warning C4018: '<' : signed/unsigned mismatch
     1>d:\libaries\uni work\year 3\part iii project\source_vs\skydiver_blobs\../mw_libCV.h(181): warning C4244: 'argument' : conversion from 'double' to 'float', possible loss of data
     1>d:\libaries\uni work\year 3\part iii project\source_vs\skydiver_blobs\../mw_libCV.h(198): warning C4018: '<' : signed/unsigned mismatch
     1>d:\libaries\uni work\year 3\part iii project\source_vs\skydiver_blobs\../mw_libCV.h(200): warning C4018: '<' : signed/unsigned mismatch
     1>d:\libaries\uni work\year 3\part iii project\source_vs\skydiver_blobs\../mw_libCV.h(207): warning C4018: '<' : signed/unsigned mismatch
     1>d:\libaries\uni work\year 3\part iii project\source_vs\skydiver_blobs\../mw_libCV.h(222): warning C4244: 'argument' : conversion from 'double' to 'float', possible loss of data
     1>d:\libaries\uni work\year 3\part iii project\source_vs\skydiver_blobs\../mw_libCV.h(274): warning C4018: '<' : signed/unsigned mismatch
     1>d:\libaries\uni work\year 3\part iii project\source_vs\skydiver_blobs\../mw_libCV.h(294): warning C4018: '<' : signed/unsigned mismatch
     1>d:\libaries\uni work\year 3\part iii project\source_vs\skydiver_blobs\../mw_libCV.h(346): warning C4018: '<' : signed/unsigned mismatch
     1>d:\libaries\uni work\year 3\part iii project\source_vs\skydiver_blobs\../mw_libCV.h(347): warning C4244: 'argument' : conversion from 'double' to 'float', possible loss of data
     1>d:\libaries\uni work\year 3\part iii project\source_vs\skydiver_blobs\../mw_libCV.h(404): warning C4244: '=' : conversion from 'double' to 'float', possible loss of data
     1>d:\libaries\uni work\year 3\part iii project\source_vs\skydiver_blobs\../mw_libCV.h(406): warning C4244: '=' : conversion from 'double' to 'float', possible loss of data
     1>d:\libaries\uni work\year 3\part iii project\source_vs\skydiver_blobs\../mw_libCV.h(443): warning C4244: 'argument' : conversion from 'double' to 'int', possible loss of data
     1>d:\libaries\uni work\year 3\part iii project\source_vs\skydiver_blobs\../mw_libCV.h(454): warning C4018: '<' : signed/unsigned mismatch
     1>d:\libaries\uni work\year 3\part iii project\source_vs\skydiver_blobs\../mw_libCV.h(462): warning C4018: '<' : signed/unsigned mismatch
     1>d:\libaries\uni work\year 3\part iii project\source_vs\skydiver_blobs\../mw_libCV.h(463): warning C4244: 'argument' : conversion from 'double' to 'int', possible loss of data
     1>d:\libaries\uni work\year 3\part iii project\source_vs\skydiver_blobs\../mw_libCV.h(470): warning C4244: 'argument' : conversion from 'double' to 'int', possible loss of data
     1>d:\libaries\uni work\year 3\part iii project\source_vs\skydiver_blobs\../mw_libCV.h(485): warning C4244: 'initializing' : conversion from 'double' to 'float', possible loss of data
     1>skydiver_blobs.cpp(44): warning C4018: '<' : signed/unsigned mismatch
     1>skydiver_blobs.cpp(59): warning C4244: 'argument' : conversion from 'int' to 'float', possible loss of data
     1>skydiver_blobs.cpp(72): warning C4018: '<' : signed/unsigned mismatch
     1>skydiver_blobs.cpp(77): warning C4244: '=' : conversion from 'double' to 'float', possible loss of data
     1>skydiver_blobs.cpp(78): warning C4244: '=' : conversion from 'double' to 'float', possible loss of data
     1>skydiver_blobs.cpp(122): warning C4018: '<' : signed/unsigned mismatch
     1>skydiver_blobs.cpp(132): warning C4244: 'argument' : conversion from 'int' to 'float', possible loss of data
     1>skydiver_blobs.cpp(147): error C3861: 'PCA_constrain_data': identifier not found
     1>Done Building Project "D:\Libaries\Uni Work\Year 3\Part III Project\Source_vs\skydiver_blobs\skydiver_blobs.vcxproj" (Build target(s)) -- FAILED.

Build FAILED.

Time Elapsed 00:00:00.46
