This is pdfTeX, Version 3.1415926-2.5-1.40.14 (MiKTeX 2.9) (preloaded format=pdflatex 2014.6.10)  17 APR 2015 14:33
entering extended mode
**final_report.tex
("D:\Users\Robyn\Documents\Merlin\project\Docs\Final Report\final_report.tex"
LaTeX2e <2011/06/27>
Babel <v3.8m> and hyphenation patterns for english, afrikaans, ancientgreek, ar
abic, armenian, assamese, basque, bengali, bokmal, bulgarian, catalan, coptic, 
croatian, czech, danish, dutch, esperanto, estonian, farsi, finnish, french, ga
lician, german, german-x-2013-05-26, greek, gujarati, hindi, hungarian, iceland
ic, indonesian, interlingua, irish, italian, kannada, kurmanji, latin, latvian,
 lithuanian, malayalam, marathi, mongolian, mongolianlmc, monogreek, ngerman, n
german-x-2013-05-26, nynorsk, oriya, panjabi, pinyin, polish, portuguese, roman
ian, russian, sanskrit, serbian, slovak, slovenian, spanish, swedish, swissgerm
an, tamil, telugu, turkish, turkmen, ukenglish, ukrainian, uppersorbian, usengl
ishmax, welsh, loaded.
("D:\Program Files (x86)\MiKTeX 2.9\tex\latex\base\article.cls"
Document Class: article 2007/10/19 v1.4h Standard LaTeX document class
("D:\Program Files (x86)\MiKTeX 2.9\tex\latex\base\size12.clo"
File: size12.clo 2007/10/19 v1.4h Standard LaTeX file (size option)
)
\c@part=\count79
\c@section=\count80
\c@subsection=\count81
\c@subsubsection=\count82
\c@paragraph=\count83
\c@subparagraph=\count84
\c@figure=\count85
\c@table=\count86
\abovecaptionskip=\skip41
\belowcaptionskip=\skip42
\bibindent=\dimen102
)
("D:\Program Files (x86)\MiKTeX 2.9\tex\latex\geometry\geometry.sty"
Package: geometry 2010/09/12 v5.6 Page Geometry

("D:\Program Files (x86)\MiKTeX 2.9\tex\latex\graphics\keyval.sty"
Package: keyval 1999/03/16 v1.13 key=value parser (DPC)
\KV@toks@=\toks14
)
("D:\Program Files (x86)\MiKTeX 2.9\tex\generic\oberdiek\ifpdf.sty"
Package: ifpdf 2011/01/30 v2.3 Provides the ifpdf switch (HO)
Package ifpdf Info: pdfTeX in PDF mode is detected.
)
("D:\Program Files (x86)\MiKTeX 2.9\tex\generic\oberdiek\ifvtex.sty"
Package: ifvtex 2010/03/01 v1.5 Detect VTeX and its facilities (HO)
Package ifvtex Info: VTeX not detected.
)
("D:\Program Files (x86)\MiKTeX 2.9\tex\generic\ifxetex\ifxetex.sty"
Package: ifxetex 2010/09/12 v0.6 Provides ifxetex conditional
)
\Gm@cnth=\count87
\Gm@cntv=\count88
\c@Gm@tempcnt=\count89
\Gm@bindingoffset=\dimen103
\Gm@wd@mp=\dimen104
\Gm@odd@mp=\dimen105
\Gm@even@mp=\dimen106
\Gm@layoutwidth=\dimen107
\Gm@layoutheight=\dimen108
\Gm@layouthoffset=\dimen109
\Gm@layoutvoffset=\dimen110
\Gm@dimlist=\toks15

("D:\Program Files (x86)\MiKTeX 2.9\tex\latex\geometry\geometry.cfg"))
("D:\Program Files (x86)\MiKTeX 2.9\tex\latex\float\float.sty"
Package: float 2001/11/08 v1.3d Float enhancements (AL)
\c@float@type=\count90
\float@exts=\toks16
\float@box=\box26
\@float@everytoks=\toks17
\@floatcapt=\box27
)
(C:\Users\Robyn\AppData\Roaming\MiKTeX\2.9\tex\latex\titling\titling.sty
Package: titling 2009/09/04 v2.1d maketitle typesetting
\thanksmarkwidth=\skip43
\thanksmargin=\skip44
\droptitle=\skip45
)
("D:\Program Files (x86)\MiKTeX 2.9\tex\latex\graphics\graphicx.sty"
Package: graphicx 1999/02/16 v1.0f Enhanced LaTeX Graphics (DPC,SPQR)

("D:\Program Files (x86)\MiKTeX 2.9\tex\latex\graphics\graphics.sty"
Package: graphics 2009/02/05 v1.0o Standard LaTeX Graphics (DPC,SPQR)

("D:\Program Files (x86)\MiKTeX 2.9\tex\latex\graphics\trig.sty"
Package: trig 1999/03/16 v1.09 sin cos tan (DPC)
)
("D:\Program Files (x86)\MiKTeX 2.9\tex\latex\00miktex\graphics.cfg"
File: graphics.cfg 2007/01/18 v1.5 graphics configuration of teTeX/TeXLive
)
Package graphics Info: Driver file: pdftex.def on input line 91.

("D:\Program Files (x86)\MiKTeX 2.9\tex\latex\pdftex-def\pdftex.def"
File: pdftex.def 2011/05/27 v0.06d Graphics/color for pdfTeX

("D:\Program Files (x86)\MiKTeX 2.9\tex\generic\oberdiek\infwarerr.sty"
Package: infwarerr 2010/04/08 v1.3 Providing info/warning/error messages (HO)
)
("D:\Program Files (x86)\MiKTeX 2.9\tex\generic\oberdiek\ltxcmds.sty"
Package: ltxcmds 2011/11/09 v1.22 LaTeX kernel commands for general use (HO)
)
\Gread@gobject=\count91
))
\Gin@req@height=\dimen111
\Gin@req@width=\dimen112
)
(C:\Users\Robyn\AppData\Roaming\MiKTeX\2.9\tex\latex\caption\caption.sty
Package: caption 2013/05/02 v3.3-89 Customizing captions (AR)

(C:\Users\Robyn\AppData\Roaming\MiKTeX\2.9\tex\latex\caption\caption3.sty
Package: caption3 2013/05/02 v1.6-88 caption3 kernel (AR)
Package caption3 Info: TeX engine: e-TeX on input line 57.
\captionmargin=\dimen113
\captionmargin@=\dimen114
\captionwidth=\dimen115
\caption@tempdima=\dimen116
\caption@indent=\dimen117
\caption@parindent=\dimen118
\caption@hangindent=\dimen119
)
\c@ContinuedFloat=\count92
Package caption Info: float package is loaded.
)
(C:\Users\Robyn\AppData\Roaming\MiKTeX\2.9\tex\latex\caption\subcaption.sty
Package: subcaption 2013/02/03 v1.1-62 Sub-captions (AR)
\c@subfigure=\count93
\c@subtable=\count94
)
("D:\Program Files (x86)\MiKTeX 2.9\tex\latex\hyperref\hyperref.sty"
Package: hyperref 2012/11/06 v6.83m Hypertext links for LaTeX

("D:\Program Files (x86)\MiKTeX 2.9\tex\generic\oberdiek\hobsub-hyperref.sty"
Package: hobsub-hyperref 2012/04/25 v1.12 Bundle oberdiek, subset hyperref (HO)


("D:\Program Files (x86)\MiKTeX 2.9\tex\generic\oberdiek\hobsub-generic.sty"
Package: hobsub-generic 2012/04/25 v1.12 Bundle oberdiek, subset generic (HO)
Package: hobsub 2012/04/25 v1.12 Construct package bundles (HO)
Package hobsub Info: Skipping package `infwarerr' (already loaded).
Package hobsub Info: Skipping package `ltxcmds' (already loaded).
Package: ifluatex 2010/03/01 v1.3 Provides the ifluatex switch (HO)
Package ifluatex Info: LuaTeX not detected.
Package hobsub Info: Skipping package `ifvtex' (already loaded).
Package: intcalc 2007/09/27 v1.1 Expandable calculations with integers (HO)
Package hobsub Info: Skipping package `ifpdf' (already loaded).
Package: etexcmds 2011/02/16 v1.5 Avoid name clashes with e-TeX commands (HO)
Package etexcmds Info: Could not find \expanded.
(etexcmds)             That can mean that you are not using pdfTeX 1.50 or
(etexcmds)             that some package has redefined \expanded.
(etexcmds)             In the latter case, load this package earlier.
Package: kvsetkeys 2012/04/25 v1.16 Key value parser (HO)
Package: kvdefinekeys 2011/04/07 v1.3 Define keys (HO)
Package: pdftexcmds 2011/11/29 v0.20 Utility functions of pdfTeX for LuaTeX (HO
)
Package pdftexcmds Info: LuaTeX not detected.
Package pdftexcmds Info: \pdf@primitive is available.
Package pdftexcmds Info: \pdf@ifprimitive is available.
Package pdftexcmds Info: \pdfdraftmode found.
Package: pdfescape 2011/11/25 v1.13 Implements pdfTeX's escape features (HO)
Package: bigintcalc 2012/04/08 v1.3 Expandable calculations on big integers (HO
)
Package: bitset 2011/01/30 v1.1 Handle bit-vector datatype (HO)
Package: uniquecounter 2011/01/30 v1.2 Provide unlimited unique counter (HO)
)
Package hobsub Info: Skipping package `hobsub' (already loaded).
Package: letltxmacro 2010/09/02 v1.4 Let assignment for LaTeX macros (HO)
Package: hopatch 2011/06/24 v1.1 Wrapper for package hooks (HO)
Package: xcolor-patch 2011/01/30 xcolor patch
Package: atveryend 2011/06/30 v1.8 Hooks at the very end of document (HO)
Package atveryend Info: \enddocument detected (standard20110627).
Package: atbegshi 2011/10/05 v1.16 At begin shipout hook (HO)
Package: refcount 2011/10/16 v3.4 Data extraction from label references (HO)
Package: hycolor 2011/01/30 v1.7 Color options for hyperref/bookmark (HO)
)
("D:\Program Files (x86)\MiKTeX 2.9\tex\latex\oberdiek\auxhook.sty"
Package: auxhook 2011/03/04 v1.3 Hooks for auxiliary files (HO)
)
("D:\Program Files (x86)\MiKTeX 2.9\tex\latex\oberdiek\kvoptions.sty"
Package: kvoptions 2011/06/30 v3.11 Key value format for package options (HO)
)
\@linkdim=\dimen120
\Hy@linkcounter=\count95
\Hy@pagecounter=\count96

("D:\Program Files (x86)\MiKTeX 2.9\tex\latex\hyperref\pd1enc.def"
File: pd1enc.def 2012/11/06 v6.83m Hyperref: PDFDocEncoding definition (HO)
)
\Hy@SavedSpaceFactor=\count97

("D:\Program Files (x86)\MiKTeX 2.9\tex\latex\00miktex\hyperref.cfg"
File: hyperref.cfg 2002/06/06 v1.2 hyperref configuration of TeXLive
)
Package hyperref Info: Hyper figures OFF on input line 4443.
Package hyperref Info: Link nesting OFF on input line 4448.
Package hyperref Info: Hyper index ON on input line 4451.
Package hyperref Info: Plain pages OFF on input line 4458.
Package hyperref Info: Backreferencing OFF on input line 4463.
Package hyperref Info: Implicit mode ON; LaTeX internals redefined.
Package hyperref Info: Bookmarks ON on input line 4688.
\c@Hy@tempcnt=\count98

(C:\Users\Robyn\AppData\Roaming\MiKTeX\2.9\tex\latex\url\url.sty
\Urlmuskip=\muskip10
Package: url 2013/09/16  ver 3.4  Verb mode for urls, etc.
)
LaTeX Info: Redefining \url on input line 5041.
\XeTeXLinkMargin=\dimen121
\Fld@menulength=\count99
\Field@Width=\dimen122
\Fld@charsize=\dimen123
Package hyperref Info: Hyper figures OFF on input line 6295.
Package hyperref Info: Link nesting OFF on input line 6300.
Package hyperref Info: Hyper index ON on input line 6303.
Package hyperref Info: backreferencing OFF on input line 6310.
Package hyperref Info: Link coloring OFF on input line 6315.
Package hyperref Info: Link coloring with OCG OFF on input line 6320.
Package hyperref Info: PDF/A mode OFF on input line 6325.
LaTeX Info: Redefining \ref on input line 6365.
LaTeX Info: Redefining \pageref on input line 6369.
\Hy@abspage=\count100
\c@Item=\count101
\c@Hfootnote=\count102
)

Package hyperref Message: Driver (autodetected): hpdftex.

("D:\Program Files (x86)\MiKTeX 2.9\tex\latex\hyperref\hpdftex.def"
File: hpdftex.def 2012/11/06 v6.83m Hyperref driver for pdfTeX
\Fld@listcount=\count103
\c@bookmark@seq@number=\count104

("D:\Program Files (x86)\MiKTeX 2.9\tex\latex\oberdiek\rerunfilecheck.sty"
Package: rerunfilecheck 2011/04/15 v1.7 Rerun checks for auxiliary files (HO)
Package uniquecounter Info: New unique counter `rerunfilecheck' on input line 2
82.
)
\Hy@SectionHShift=\skip46
)
(C:\Users\Robyn\AppData\Roaming\MiKTeX\2.9\tex\latex\appendix\appendix.sty
Package: appendix 2009/09/02 v1.2b extra appendix facilities
\c@@pps=\count105
\c@@ppsavesec=\count106
\c@@ppsaveapp=\count107
)
("D:\Program Files (x86)\MiKTeX 2.9\tex\latex\multirow\multirow.sty"
\bigstrutjot=\dimen124
)
(C:\Users\Robyn\AppData\Roaming\MiKTeX\2.9\tex\latex\pdfpages\pdfpages.sty
Package: pdfpages 2013/08/25 v0.4v Insert pages of external PDF documents (AM)

("D:\Program Files (x86)\MiKTeX 2.9\tex\latex\base\ifthen.sty"
Package: ifthen 2001/05/26 v1.1c Standard LaTeX ifthen package (DPC)
)
("D:\Program Files (x86)\MiKTeX 2.9\tex\latex\tools\calc.sty"
Package: calc 2007/08/22 v4.3 Infix arithmetic (KKT,FJ)
\calc@Acount=\count108
\calc@Bcount=\count109
\calc@Adimen=\dimen125
\calc@Bdimen=\dimen126
\calc@Askip=\skip47
\calc@Bskip=\skip48
LaTeX Info: Redefining \setlength on input line 76.
LaTeX Info: Redefining \addtolength on input line 77.
\calc@Ccount=\count110
\calc@Cskip=\skip49
)
(C:\Users\Robyn\AppData\Roaming\MiKTeX\2.9\tex\latex\eso-pic\eso-pic.sty
Package: eso-pic 2013/10/06 v2.0d eso-pic (RN)

(C:\Users\Robyn\AppData\Roaming\MiKTeX\2.9\tex\latex\xcolor\xcolor.sty
Package: xcolor 2007/01/21 v2.11 LaTeX color extensions (UK)

("D:\Program Files (x86)\MiKTeX 2.9\tex\latex\00miktex\color.cfg"
File: color.cfg 2007/01/18 v1.5 color configuration of teTeX/TeXLive
)
Package xcolor Info: Driver file: pdftex.def on input line 225.
Package xcolor Info: Model `cmy' substituted by `cmy0' on input line 1337.
Package xcolor Info: Model `hsb' substituted by `rgb' on input line 1341.
Package xcolor Info: Model `RGB' extended on input line 1353.
Package xcolor Info: Model `HTML' substituted by `rgb' on input line 1355.
Package xcolor Info: Model `Hsb' substituted by `hsb' on input line 1356.
Package xcolor Info: Model `tHsb' substituted by `hsb' on input line 1357.
Package xcolor Info: Model `HSB' substituted by `hsb' on input line 1358.
Package xcolor Info: Model `Gray' substituted by `gray' on input line 1359.
Package xcolor Info: Model `wave' substituted by `hsb' on input line 1360.
))
(C:\Users\Robyn\AppData\Roaming\MiKTeX\2.9\tex\latex\pdfpages\pppdftex.def
File: pppdftex.def 2013/08/25 v0.4v Pdfpages driver for pdfTeX (AM)
)
\AM@pagebox=\box28
\AM@toc@title=\toks18
\c@AM@survey=\count111
\AM@templatesizebox=\box29
)
(C:\Users\Robyn\AppData\Roaming\MiKTeX\2.9\tex\latex\todonotes\todonotes.sty
Package: todonotes 2012/07/25 .dtx Todonotes source and documentation.
Package: todonotes 2012/07/25

("D:\Program Files (x86)\MiKTeX 2.9\tex\latex\xkeyval\xkeyval.sty"
Package: xkeyval 2012/10/14 v2.6b package option processing (HA)

("D:\Program Files (x86)\MiKTeX 2.9\tex\generic\xkeyval\xkeyval.tex"
\XKV@toks=\toks19
\XKV@tempa@toks=\toks20
\XKV@depth=\count112
File: xkeyval.tex 2012/10/14 v2.6b key=value parser (HA)
))
(C:\Users\Robyn\AppData\Roaming\MiKTeX\2.9\tex\latex\pgf\frontendlayer\tikz.sty
(C:\Users\Robyn\AppData\Roaming\MiKTeX\2.9\tex\latex\pgf\basiclayer\pgf.sty
(C:\Users\Robyn\AppData\Roaming\MiKTeX\2.9\tex\latex\pgf\utilities\pgfrcs.sty
(C:\Users\Robyn\AppData\Roaming\MiKTeX\2.9\tex\generic\pgf\utilities\pgfutil-co
mmon.tex
\pgfutil@everybye=\toks21
\pgfutil@tempdima=\dimen127
\pgfutil@tempdimb=\dimen128

(C:\Users\Robyn\AppData\Roaming\MiKTeX\2.9\tex\generic\pgf\utilities\pgfutil-co
mmon-lists.tex))
(C:\Users\Robyn\AppData\Roaming\MiKTeX\2.9\tex\generic\pgf\utilities\pgfutil-la
tex.def
\pgfutil@abb=\box30
 (C:\Users\Robyn\AppData\Roaming\MiKTeX\2.9\tex\latex\ms\everyshi.sty
Package: everyshi 2001/05/15 v3.00 EveryShipout Package (MS)
))
(C:\Users\Robyn\AppData\Roaming\MiKTeX\2.9\tex\generic\pgf\utilities\pgfrcs.cod
e.tex
Package: pgfrcs 2013/12/20 v3.0.0 (rcs-revision 1.28)
))
Package: pgf 2013/12/18 v3.0.0 (rcs-revision 1.14)

(C:\Users\Robyn\AppData\Roaming\MiKTeX\2.9\tex\latex\pgf\basiclayer\pgfcore.sty

(C:\Users\Robyn\AppData\Roaming\MiKTeX\2.9\tex\latex\pgf\systemlayer\pgfsys.sty

(C:\Users\Robyn\AppData\Roaming\MiKTeX\2.9\tex\generic\pgf\systemlayer\pgfsys.c
ode.tex
Package: pgfsys 2013/11/30 v3.0.0 (rcs-revision 1.47)

(C:\Users\Robyn\AppData\Roaming\MiKTeX\2.9\tex\generic\pgf\utilities\pgfkeys.co
de.tex
\pgfkeys@pathtoks=\toks22
\pgfkeys@temptoks=\toks23

(C:\Users\Robyn\AppData\Roaming\MiKTeX\2.9\tex\generic\pgf\utilities\pgfkeysfil
tered.code.tex
\pgfkeys@tmptoks=\toks24
))
\pgf@x=\dimen129
\pgf@y=\dimen130
\pgf@xa=\dimen131
\pgf@ya=\dimen132
\pgf@xb=\dimen133
\pgf@yb=\dimen134
\pgf@xc=\dimen135
\pgf@yc=\dimen136
\w@pgf@writea=\write3
\r@pgf@reada=\read1
\c@pgf@counta=\count113
\c@pgf@countb=\count114
\c@pgf@countc=\count115
\c@pgf@countd=\count116
\t@pgf@toka=\toks25
\t@pgf@tokb=\toks26
\t@pgf@tokc=\toks27

(C:\Users\Robyn\AppData\Roaming\MiKTeX\2.9\tex\generic\pgf\systemlayer\pgf.cfg
File: pgf.cfg 2008/05/14  (rcs-revision 1.7)
)
Driver file for pgf: pgfsys-pdftex.def

(C:\Users\Robyn\AppData\Roaming\MiKTeX\2.9\tex\generic\pgf\systemlayer\pgfsys-p
dftex.def
File: pgfsys-pdftex.def 2013/07/18  (rcs-revision 1.33)

(C:\Users\Robyn\AppData\Roaming\MiKTeX\2.9\tex\generic\pgf\systemlayer\pgfsys-c
ommon-pdf.def
File: pgfsys-common-pdf.def 2013/10/10  (rcs-revision 1.13)
)))
(C:\Users\Robyn\AppData\Roaming\MiKTeX\2.9\tex\generic\pgf\systemlayer\pgfsysso
ftpath.code.tex
File: pgfsyssoftpath.code.tex 2013/09/09  (rcs-revision 1.9)
\pgfsyssoftpath@smallbuffer@items=\count117
\pgfsyssoftpath@bigbuffer@items=\count118
)
(C:\Users\Robyn\AppData\Roaming\MiKTeX\2.9\tex\generic\pgf\systemlayer\pgfsyspr
otocol.code.tex
File: pgfsysprotocol.code.tex 2006/10/16  (rcs-revision 1.4)
))
(C:\Users\Robyn\AppData\Roaming\MiKTeX\2.9\tex\generic\pgf\basiclayer\pgfcore.c
ode.tex
Package: pgfcore 2010/04/11 v3.0.0 (rcs-revision 1.7)

(C:\Users\Robyn\AppData\Roaming\MiKTeX\2.9\tex\generic\pgf\math\pgfmath.code.te
x
(C:\Users\Robyn\AppData\Roaming\MiKTeX\2.9\tex\generic\pgf\math\pgfmathcalc.cod
e.tex
(C:\Users\Robyn\AppData\Roaming\MiKTeX\2.9\tex\generic\pgf\math\pgfmathutil.cod
e.tex)
(C:\Users\Robyn\AppData\Roaming\MiKTeX\2.9\tex\generic\pgf\math\pgfmathparser.c
ode.tex
\pgfmath@dimen=\dimen137
\pgfmath@count=\count119
\pgfmath@box=\box31
\pgfmath@toks=\toks28
\pgfmath@stack@operand=\toks29
\pgfmath@stack@operation=\toks30
)
(C:\Users\Robyn\AppData\Roaming\MiKTeX\2.9\tex\generic\pgf\math\pgfmathfunction
s.code.tex
(C:\Users\Robyn\AppData\Roaming\MiKTeX\2.9\tex\generic\pgf\math\pgfmathfunction
s.basic.code.tex)
(C:\Users\Robyn\AppData\Roaming\MiKTeX\2.9\tex\generic\pgf\math\pgfmathfunction
s.trigonometric.code.tex)
(C:\Users\Robyn\AppData\Roaming\MiKTeX\2.9\tex\generic\pgf\math\pgfmathfunction
s.random.code.tex)
(C:\Users\Robyn\AppData\Roaming\MiKTeX\2.9\tex\generic\pgf\math\pgfmathfunction
s.comparison.code.tex)
(C:\Users\Robyn\AppData\Roaming\MiKTeX\2.9\tex\generic\pgf\math\pgfmathfunction
s.base.code.tex)
(C:\Users\Robyn\AppData\Roaming\MiKTeX\2.9\tex\generic\pgf\math\pgfmathfunction
s.round.code.tex)
(C:\Users\Robyn\AppData\Roaming\MiKTeX\2.9\tex\generic\pgf\math\pgfmathfunction
s.misc.code.tex)
(C:\Users\Robyn\AppData\Roaming\MiKTeX\2.9\tex\generic\pgf\math\pgfmathfunction
s.integerarithmetics.code.tex)))
(C:\Users\Robyn\AppData\Roaming\MiKTeX\2.9\tex\generic\pgf\math\pgfmathfloat.co
de.tex
\c@pgfmathroundto@lastzeros=\count120
))
(C:\Users\Robyn\AppData\Roaming\MiKTeX\2.9\tex\generic\pgf\basiclayer\pgfcorepo
ints.code.tex
File: pgfcorepoints.code.tex 2013/10/07  (rcs-revision 1.27)
\pgf@picminx=\dimen138
\pgf@picmaxx=\dimen139
\pgf@picminy=\dimen140
\pgf@picmaxy=\dimen141
\pgf@pathminx=\dimen142
\pgf@pathmaxx=\dimen143
\pgf@pathminy=\dimen144
\pgf@pathmaxy=\dimen145
\pgf@xx=\dimen146
\pgf@xy=\dimen147
\pgf@yx=\dimen148
\pgf@yy=\dimen149
\pgf@zx=\dimen150
\pgf@zy=\dimen151
)
(C:\Users\Robyn\AppData\Roaming\MiKTeX\2.9\tex\generic\pgf\basiclayer\pgfcorepa
thconstruct.code.tex
File: pgfcorepathconstruct.code.tex 2013/10/07  (rcs-revision 1.29)
\pgf@path@lastx=\dimen152
\pgf@path@lasty=\dimen153
)
(C:\Users\Robyn\AppData\Roaming\MiKTeX\2.9\tex\generic\pgf\basiclayer\pgfcorepa
thusage.code.tex
File: pgfcorepathusage.code.tex 2013/12/13  (rcs-revision 1.23)
\pgf@shorten@end@additional=\dimen154
\pgf@shorten@start@additional=\dimen155
)
(C:\Users\Robyn\AppData\Roaming\MiKTeX\2.9\tex\generic\pgf\basiclayer\pgfcoresc
opes.code.tex
File: pgfcorescopes.code.tex 2013/10/09  (rcs-revision 1.44)
\pgfpic=\box32
\pgf@hbox=\box33
\pgf@layerbox@main=\box34
\pgf@picture@serial@count=\count121
)
(C:\Users\Robyn\AppData\Roaming\MiKTeX\2.9\tex\generic\pgf\basiclayer\pgfcoregr
aphicstate.code.tex
File: pgfcoregraphicstate.code.tex 2013/09/19  (rcs-revision 1.11)
\pgflinewidth=\dimen156
)
(C:\Users\Robyn\AppData\Roaming\MiKTeX\2.9\tex\generic\pgf\basiclayer\pgfcoretr
ansformations.code.tex
File: pgfcoretransformations.code.tex 2013/10/10  (rcs-revision 1.17)
\pgf@pt@x=\dimen157
\pgf@pt@y=\dimen158
\pgf@pt@temp=\dimen159
)
(C:\Users\Robyn\AppData\Roaming\MiKTeX\2.9\tex\generic\pgf\basiclayer\pgfcorequ
ick.code.tex
File: pgfcorequick.code.tex 2008/10/09  (rcs-revision 1.3)
)
(C:\Users\Robyn\AppData\Roaming\MiKTeX\2.9\tex\generic\pgf\basiclayer\pgfcoreob
jects.code.tex
File: pgfcoreobjects.code.tex 2006/10/11  (rcs-revision 1.2)
)
(C:\Users\Robyn\AppData\Roaming\MiKTeX\2.9\tex\generic\pgf\basiclayer\pgfcorepa
thprocessing.code.tex
File: pgfcorepathprocessing.code.tex 2013/09/09  (rcs-revision 1.9)
)
(C:\Users\Robyn\AppData\Roaming\MiKTeX\2.9\tex\generic\pgf\basiclayer\pgfcorear
rows.code.tex
File: pgfcorearrows.code.tex 2013/11/07  (rcs-revision 1.40)
\pgfarrowsep=\dimen160
)
(C:\Users\Robyn\AppData\Roaming\MiKTeX\2.9\tex\generic\pgf\basiclayer\pgfcoresh
ade.code.tex
File: pgfcoreshade.code.tex 2013/07/15  (rcs-revision 1.15)
\pgf@max=\dimen161
\pgf@sys@shading@range@num=\count122
)
(C:\Users\Robyn\AppData\Roaming\MiKTeX\2.9\tex\generic\pgf\basiclayer\pgfcoreim
age.code.tex
File: pgfcoreimage.code.tex 2013/07/15  (rcs-revision 1.18)

(C:\Users\Robyn\AppData\Roaming\MiKTeX\2.9\tex\generic\pgf\basiclayer\pgfcoreex
ternal.code.tex
File: pgfcoreexternal.code.tex 2013/07/15  (rcs-revision 1.20)
\pgfexternal@startupbox=\box35
))
(C:\Users\Robyn\AppData\Roaming\MiKTeX\2.9\tex\generic\pgf\basiclayer\pgfcorela
yers.code.tex
File: pgfcorelayers.code.tex 2013/07/18  (rcs-revision 1.7)
)
(C:\Users\Robyn\AppData\Roaming\MiKTeX\2.9\tex\generic\pgf\basiclayer\pgfcoretr
ansparency.code.tex
File: pgfcoretransparency.code.tex 2013/09/30  (rcs-revision 1.5)
)
(C:\Users\Robyn\AppData\Roaming\MiKTeX\2.9\tex\generic\pgf\basiclayer\pgfcorepa
tterns.code.tex
File: pgfcorepatterns.code.tex 2013/11/07  (rcs-revision 1.5)
)))
(C:\Users\Robyn\AppData\Roaming\MiKTeX\2.9\tex\generic\pgf\modules\pgfmodulesha
pes.code.tex
File: pgfmoduleshapes.code.tex 2013/10/31  (rcs-revision 1.34)
\pgfnodeparttextbox=\box36
)
(C:\Users\Robyn\AppData\Roaming\MiKTeX\2.9\tex\generic\pgf\modules\pgfmoduleplo
t.code.tex
File: pgfmoduleplot.code.tex 2013/07/31  (rcs-revision 1.12)
)
(C:\Users\Robyn\AppData\Roaming\MiKTeX\2.9\tex\latex\pgf\compatibility\pgfcomp-
version-0-65.sty
Package: pgfcomp-version-0-65 2007/07/03 v3.0.0 (rcs-revision 1.7)
\pgf@nodesepstart=\dimen162
\pgf@nodesepend=\dimen163
)
(C:\Users\Robyn\AppData\Roaming\MiKTeX\2.9\tex\latex\pgf\compatibility\pgfcomp-
version-1-18.sty
Package: pgfcomp-version-1-18 2007/07/23 v3.0.0 (rcs-revision 1.1)
))
(C:\Users\Robyn\AppData\Roaming\MiKTeX\2.9\tex\latex\pgf\utilities\pgffor.sty
(C:\Users\Robyn\AppData\Roaming\MiKTeX\2.9\tex\latex\pgf\utilities\pgfkeys.sty
(C:\Users\Robyn\AppData\Roaming\MiKTeX\2.9\tex\generic\pgf\utilities\pgfkeys.co
de.tex))
(C:\Users\Robyn\AppData\Roaming\MiKTeX\2.9\tex\latex\pgf\math\pgfmath.sty
(C:\Users\Robyn\AppData\Roaming\MiKTeX\2.9\tex\generic\pgf\math\pgfmath.code.te
x))
(C:\Users\Robyn\AppData\Roaming\MiKTeX\2.9\tex\generic\pgf\utilities\pgffor.cod
e.tex
Package: pgffor 2013/12/13 v3.0.0 (rcs-revision 1.25)

(C:\Users\Robyn\AppData\Roaming\MiKTeX\2.9\tex\generic\pgf\math\pgfmath.code.te
x)
\pgffor@iter=\dimen164
\pgffor@skip=\dimen165
\pgffor@stack=\toks31
\pgffor@toks=\toks32
))
(C:\Users\Robyn\AppData\Roaming\MiKTeX\2.9\tex\generic\pgf\frontendlayer\tikz\t
ikz.code.tex
Package: tikz 2013/12/13 v3.0.0 (rcs-revision 1.142)

(C:\Users\Robyn\AppData\Roaming\MiKTeX\2.9\tex\generic\pgf\libraries\pgflibrary
plothandlers.code.tex
File: pgflibraryplothandlers.code.tex 2013/08/31 v3.0.0 (rcs-revision 1.20)
\pgf@plot@mark@count=\count123
\pgfplotmarksize=\dimen166
)
\tikz@lastx=\dimen167
\tikz@lasty=\dimen168
\tikz@lastxsaved=\dimen169
\tikz@lastysaved=\dimen170
\tikzleveldistance=\dimen171
\tikzsiblingdistance=\dimen172
\tikz@figbox=\box37
\tikz@figbox@bg=\box38
\tikz@tempbox=\box39
\tikz@tempbox@bg=\box40
\tikztreelevel=\count124
\tikznumberofchildren=\count125
\tikznumberofcurrentchild=\count126
\tikz@fig@count=\count127

(C:\Users\Robyn\AppData\Roaming\MiKTeX\2.9\tex\generic\pgf\modules\pgfmodulemat
rix.code.tex
File: pgfmodulematrix.code.tex 2013/09/17  (rcs-revision 1.8)
\pgfmatrixcurrentrow=\count128
\pgfmatrixcurrentcolumn=\count129
\pgf@matrix@numberofcolumns=\count130
)
\tikz@expandcount=\count131

(C:\Users\Robyn\AppData\Roaming\MiKTeX\2.9\tex\generic\pgf\frontendlayer\tikz\l
ibraries\tikzlibrarytopaths.code.tex
File: tikzlibrarytopaths.code.tex 2008/06/17 v3.0.0 (rcs-revision 1.2)
)))
(C:\Users\Robyn\AppData\Roaming\MiKTeX\2.9\tex\generic\pgf\frontendlayer\tikz\l
ibraries\tikzlibrarypositioning.code.tex
File: tikzlibrarypositioning.code.tex 2008/10/06 v3.0.0 (rcs-revision 1.7)
)
\c@@todonotes@numberoftodonotes=\count132
)
("D:\Users\Robyn\Documents\Merlin\project\Docs\Final Report\final_report.aux")
LaTeX Font Info:    Checking defaults for OML/cmm/m/it on input line 18.
LaTeX Font Info:    ... okay on input line 18.
LaTeX Font Info:    Checking defaults for T1/cmr/m/n on input line 18.
LaTeX Font Info:    ... okay on input line 18.
LaTeX Font Info:    Checking defaults for OT1/cmr/m/n on input line 18.
LaTeX Font Info:    ... okay on input line 18.
LaTeX Font Info:    Checking defaults for OMS/cmsy/m/n on input line 18.
LaTeX Font Info:    ... okay on input line 18.
LaTeX Font Info:    Checking defaults for OMX/cmex/m/n on input line 18.
LaTeX Font Info:    ... okay on input line 18.
LaTeX Font Info:    Checking defaults for U/cmr/m/n on input line 18.
LaTeX Font Info:    ... okay on input line 18.
LaTeX Font Info:    Checking defaults for PD1/pdf/m/n on input line 18.
LaTeX Font Info:    ... okay on input line 18.

*geometry* driver: auto-detecting
*geometry* detected driver: pdftex
*geometry* verbose mode - [ preamble ] result:
* driver: pdftex
* paper: a4paper
* layout: <same size as paper>
* layoutoffset:(h,v)=(0.0pt,0.0pt)
* modes: 
* h-part:(L,W,R)=(68.2866pt, 460.93466pt, 68.2866pt)
* v-part:(T,H,B)=(68.2866pt, 708.47363pt, 68.2866pt)
* \paperwidth=597.50787pt
* \paperheight=845.04684pt
* \textwidth=460.93466pt
* \textheight=708.47363pt
* \oddsidemargin=-3.98338pt
* \evensidemargin=-3.98338pt
* \topmargin=-40.98338pt
* \headheight=12.0pt
* \headsep=25.0pt
* \topskip=12.0pt
* \footskip=30.0pt
* \marginparwidth=35.0pt
* \marginparsep=10.0pt
* \columnsep=10.0pt
* \skip\footins=10.8pt plus 4.0pt minus 2.0pt
* \hoffset=0.0pt
* \voffset=0.0pt
* \mag=1000
* \@twocolumnfalse
* \@twosidefalse
* \@mparswitchfalse
* \@reversemarginfalse
* (1in=72.27pt=25.4mm, 1cm=28.453pt)

(C:\Users\Robyn\AppData\Roaming\MiKTeX\2.9\tex\context\base\supp-pdf.mkii
[Loading MPS to PDF converter (version 2006.09.02).]
\scratchcounter=\count133
\scratchdimen=\dimen173
\scratchbox=\box41
\nofMPsegments=\count134
\nofMParguments=\count135
\everyMPshowfont=\toks33
\MPscratchCnt=\count136
\MPscratchDim=\dimen174
\MPnumerator=\count137
\makeMPintoPDFobject=\count138
\everyMPtoPDFconversion=\toks34
)
Package caption Info: Begin \AtBeginDocument code.
Package caption Info: hyperref package is loaded.
Package caption Info: End \AtBeginDocument code.
\AtBeginShipoutBox=\box42
Package hyperref Info: Link coloring OFF on input line 18.
 ("D:\Program Files (x86)\MiKTeX 2.9\tex\latex\hyperref\nameref.sty"
Package: nameref 2012/10/27 v2.43 Cross-referencing by name of section

("D:\Program Files (x86)\MiKTeX 2.9\tex\generic\oberdiek\gettitlestring.sty"
Package: gettitlestring 2010/12/03 v1.4 Cleanup title references (HO)
)
\c@section@level=\count139
)
LaTeX Info: Redefining \ref on input line 18.
LaTeX Info: Redefining \pageref on input line 18.
LaTeX Info: Redefining \nameref on input line 18.

("D:\Users\Robyn\Documents\Merlin\project\Docs\Final Report\final_report.out")
("D:\Users\Robyn\Documents\Merlin\project\Docs\Final Report\final_report.out")
\@outlinefile=\write4

ABD: EveryShipout initializing macros
("D:\Users\Robyn\Documents\Merlin\project\Docs\Final Report\final_report.tdo"
LaTeX Font Info:    External font `cmex10' loaded for size
(Font)              <12> on input line 1.
LaTeX Font Info:    External font `cmex10' loaded for size
(Font)              <8> on input line 1.
LaTeX Font Info:    External font `cmex10' loaded for size
(Font)              <6> on input line 1.
)
\tf@tdo=\write5

[1

{C:/Users/Robyn/AppData/Local/MiKTeX/2.9/pdftex/config/pdftex.map}]
<fs_silhouette.png, id=208, 391.4625pt x 253.69781pt>
File: fs_silhouette.png Graphic file (type png)
 <use fs_silhouette.png>
Package pdftex.def Info: fs_silhouette.png used on input line 36.
(pdftex.def)             Requested size: 322.65285pt x 209.11359pt.
pdfTeX warning (ext4): destination with the same identifier (name{page.1}) has 
been already used, duplicate ignored
<to be read again> 
                   \relax 
l.45 \end{titlepage}
                     [1 <D:/Users/Robyn/Documents/Merlin/project/Docs/Final Rep
ort/fs_silhouette.png>] [0]
("D:\Users\Robyn\Documents\Merlin\project\Docs\Final Report\final_report.toc"

LaTeX Font Warning: Font shape `OT1/cmr/bx/sc' undefined
(Font)              using `OT1/cmr/bx/n' instead on input line 1.

pdfTeX warning (ext4): destination with the same identifier (name{page.0}) has 
been already used, duplicate ignored
<to be read again> 
                   \relax 
l.40 ...ine {section}{Appendices}{17}{section*.32}
                                                   [0

])
\tf@toc=\write6
pdfTeX warning (ext4): destination with the same identifier (name{page.1}) has 
been already used, duplicate ignored
<to be read again> 
                   \relax 
l.68 \clearpage}
                 [1]
("D:\Users\Robyn\Documents\Merlin\project\Docs\Final Report\final_report.lof"
Overfull \hbox (7.91168pt too wide) in paragraph at lines 2--2
 [][] [][]\OT1/cmr/m/sc/12 Images re-pro-duced from []$\OT1/cmtt/m/sc/12 www . 
skydivespaceland . com / blog / images /$ 
 []


Overfull \hbox (17.68443pt too wide) in paragraph at lines 2--2
 $\OT1/cmtt/m/sc/12 creepers2 . jpg$[] \OT1/cmr/m/sc/12 and []$\OT1/cmtt/m/sc/1
2 www . skydiveaz . com / images / old-[]images / creepers .$ 
 []


Overfull \hbox (5.42712pt too wide) in paragraph at lines 3--3
 \OT1/cmr/m/sc/12 IC blue, Tail yel-low. Re-pro-duced from []$\OT1/cmtt/m/sc/12
 http : / / www . teamsatori .$ 
 []


Overfull \hbox (92.51717pt too wide) in paragraph at lines 4--4
 \OT1/cmr/m/sc/12 As-so-ci-a-tion, []$\OT1/cmtt/m/sc/12 www . youtube . com / w
atch ? v = Y2B4S3lGf54 & list = LLsEkKn0qzIHSGefmSGT _$ 
 []


Overfull \hbox (1.75258pt too wide) in paragraph at lines 9--9
 \OT1/cmr/m/sc/12 fourth re-sult the al-go-rithm. Red ar-rows show points marke
d 
 []


Overfull \hbox (28.11102pt too wide) in paragraph at lines 9--9
 \OT1/cmr/m/sc/12 from []$\OT1/cmtt/m/sc/12 http : / / upload . wikimedia . org
 / wikipedia / commons / 9 / 91 / Douglas _$ 
 []

)
\tf@lof=\write7
pdfTeX warning (ext4): destination with the same identifier (name{page.0}) has 
been already used, duplicate ignored
<to be read again> 
                   \relax 
l.68 \clearpage}
                 [0

] <grips.png, id=328, 792.71156pt x 374.14781pt>
File: grips.png Graphic file (type png)

<use grips.png>
Package pdftex.def Info: grips.png used on input line 79.
(pdftex.def)             Requested size: 414.83838pt x 195.80254pt.
 <creepers.jpg, id=331, 351.3125pt x 235.88126pt>
File: creepers.jpg Graphic file (type jpg)

<use creepers.jpg>
Package pdftex.def Info: creepers.jpg used on input line 92.
(pdftex.def)             Requested size: 207.41919pt x 139.2695pt.
 <creepers_use.jpg, id=332, 276.03125pt x 183.68625pt>
File: creepers_use.jpg Graphic file (type jpg)

<use creepers_use.jpg>
Package pdftex.def Info: creepers_use.jpg used on input line 98.
(pdftex.def)             Requested size: 207.41919pt x 138.0334pt.

Underfull \hbox (badness 10000) in paragraph at lines 102--102
[]\OT1/cmr/m/n/12 Figure 2: |Im-ages re-pro-duced from []$\OT1/cmtt/m/n/12 www 
. skydivespaceland . com / blog / images /$
 []

pdfTeX warning (ext4): destination with the same identifier (name{page.1}) has 
been already used, duplicate ignored
<to be read again> 
                   \relax 
l.105 \noindent
                Another way that FS teams train is to use a vertical (indoor...
[1

 <D:/Users/Robyn/Documents/Merlin/project/Docs/Final Report/grips.png>]
<FS_All.png, id=345, 679.78969pt x 679.78969pt>
File: FS_All.png Graphic file (type png)
 <use FS_All.png>
Package pdftex.def Info: FS_All.png used on input line 111.
(pdftex.def)             Requested size: 460.93466pt x 460.93353pt.

<Tunnel_Star.png, id=348, 963.6pt x 542.025pt>
File: Tunnel_Star.png Graphic file (type png)
 <use Tunnel_Star.png>
Package pdftex.def Info: Tunnel_Star.png used on input line 121.
(pdftex.def)             Requested size: 207.41919pt x 116.67369pt.

<Tunnel_Sidebody.png, id=349, 963.6pt x 542.025pt>
File: Tunnel_Sidebody.png Graphic file (type png)
 <use Tunnel_Sidebody.png>
Package pdftex.def Info: Tunnel_Sidebody.png used on input line 125.
(pdftex.def)             Requested size: 207.41919pt x 116.67369pt.

<Tunnel_Phalanx.png, id=350, 963.6pt x 542.025pt>
File: Tunnel_Phalanx.png Graphic file (type png)
 <use Tunnel_Phalanx.png>
Package pdftex.def Info: Tunnel_Phalanx.png used on input line 129.
(pdftex.def)             Requested size: 207.41919pt x 116.67369pt.

<Tunnel_Donut.png, id=351, 963.6pt x 542.025pt>
File: Tunnel_Donut.png Graphic file (type png)
 <use Tunnel_Donut.png>
Package pdftex.def Info: Tunnel_Donut.png used on input line 133.
(pdftex.def)             Requested size: 207.41919pt x 116.67369pt.
 [2 <D:/Users/Robyn/Documents/Merlin/project/Docs/Final Report/creepers.jpg> <D
:/Users/Robyn/Documents/Merlin/project/Docs/Final Report/creepers_use.jpg>] [3 
<D:/Users/Robyn/Documents/Merlin/project/Docs/Final Report/FS_All.png>]
<stick_model_fitted.png, id=368, 944.02687pt x 423.83344pt>
File: stick_model_fitted.png Graphic file (type png)

<use stick_model_fitted.png>
Package pdftex.def Info: stick_model_fitted.png used on input line 144.
(pdftex.def)             Requested size: 460.93466pt x 206.94293pt.
 [4 <D:/Users/Robyn/Documents/Merlin/project/Docs/Final Report/Tunnel_Star.png>
 <D:/Users/Robyn/Documents/Merlin/project/Docs/Final Report/Tunnel_Sidebody.png
> <D:/Users/Robyn/Documents/Merlin/project/Docs/Final Report/Tunnel_Phalanx.png
> <D:/Users/Robyn/Documents/Merlin/project/Docs/Final Report/Tunnel_Donut.png> 
<D:/Users/Robyn/Documents/Merlin/project/Docs/Final Report/stick_model_fitted.p
ng>]
<shape_matrix.png, id=381, 483.30562pt x 192.72pt>
File: shape_matrix.png Graphic file (type png)
 <use shape_matrix.png>
Package pdftex.def Info: shape_matrix.png used on input line 166.
(pdftex.def)             Requested size: 230.46733pt x 91.89876pt.

<generalised_procrastes_ananlysis.png, id=383, 1324.19719pt x 365.86688pt>
File: generalised_procrastes_ananlysis.png Graphic file (type png)

<use generalised_procrastes_ananlysis.png>
Package pdftex.def Info: generalised_procrastes_ananlysis.png used on input lin
e 175.
(pdftex.def)             Requested size: 460.93466pt x 127.3519pt.
 [5 <D:/Users/Robyn/Documents/Merlin/project/Docs/Final Report/shape_matrix.png
>]
Underfull \hbox (badness 10000) in paragraph at lines 180--186

 []

Package hyperref Info: bookmark level for unknown todo defaults to 0 on input l
ine 190.
[6 <D:/Users/Robyn/Documents/Merlin/project/Docs/Final Report/generalised_procr
astes_ananlysis.png>] [7]
Overfull \hbox (4.29416pt too wide) in paragraph at lines 259--259
[][][][]\OT1/cmr/m/n/12 define 
 []


Overfull \hbox (4.29416pt too wide) in paragraph at lines 259--259
[][][][]\OT1/cmr/m/n/12 define 
 []


Overfull \hbox (4.29416pt too wide) in paragraph at lines 259--259
[][][][]\OT1/cmr/m/n/12 define 
 []


Overfull \hbox (4.29416pt too wide) in paragraph at lines 259--259
[][][][]\OT1/cmr/m/n/12 define 
 []

[8]
LaTeX Font Info:    Try loading font information for OMS+cmr on input line 293.

 ("D:\Program Files (x86)\MiKTeX 2.9\tex\latex\base\omscmr.fd"
File: omscmr.fd 1999/05/25 v2.5h Standard LaTeX font definitions
)
LaTeX Font Info:    Font shape `OMS/cmr/m/n' in size <12> not available
(Font)              Font shape `OMS/cmsy/m/n' tried instead on input line 293.
 [9]
Missing character: There is no â in font cmr12!
Missing character: There is no € in font cmr12!
Missing character: There is no “ in font cmr12!
Missing character: There is no â in font cmr12!
Missing character: There is no € in font cmr12!
Missing character: There is no “ in font cmr12!
 [10]
<skel_simple.jpg, id=450, 1044.90375pt x 546.54187pt>
File: skel_simple.jpg Graphic file (type jpg)
 <use skel_simple.jpg>
Package pdftex.def Info: skel_simple.jpg used on input line 434.
(pdftex.def)             Requested size: 460.93466pt x 241.09628pt.

Underfull \hbox (badness 10000) in paragraph at lines 428--437

 []

<douglas_peucker.png, id=453, 1040.38687pt x 386.19281pt>
File: douglas_peucker.png Graphic file (type png)

<use douglas_peucker.png>
Package pdftex.def Info: douglas_peucker.png used on input line 443.
(pdftex.def)             Requested size: 460.93466pt x 171.09802pt.

Underfull \hbox (badness 10000) in paragraph at lines 445--445
\OT1/cmr/m/n/12 Modified from []$\OT1/cmtt/m/n/12 http : / / upload . wikimedia
 . org / wikipedia / commons / 9 / 91 / Douglas _$
 []

[11 <D:/Users/Robyn/Documents/Merlin/project/Docs/Final Report/skel_simple.jpg>
] <skel_src.jpg, id=469, 5203.44pt x 3468.96pt>
File: skel_src.jpg Graphic file (type jpg)
 <use skel_src.jpg>
Package pdftex.def Info: skel_src.jpg used on input line 470.
(pdftex.def)             Requested size: 218.94325pt x 145.93352pt.

<skel_src_mask.jpg, id=470, 1443.89438pt x 760.34062pt>
File: skel_src_mask.jpg Graphic file (type jpg)

<use skel_src_mask.jpg>
Package pdftex.def Info: skel_src_mask.jpg used on input line 477.
(pdftex.def)             Requested size: 218.94325pt x 115.28757pt.
 <skel.jpg, id=471, 1473.8467pt x 778.82457pt>
File: skel.jpg Graphic file (type jpg)

<use skel.jpg>
Package pdftex.def Info: skel.jpg used on input line 484.
(pdftex.def)             Requested size: 460.93466pt x 243.57222pt.
 <skel_reduced.jpg, id=472, 1443.14156pt x 761.84625pt>
File: skel_reduced.jpg Graphic file (type jpg)

<use skel_reduced.jpg>
Package pdftex.def Info: skel_reduced.jpg used on input line 491.
(pdftex.def)             Requested size: 460.93466pt x 243.33078pt.
 [12 <D:/Users/Robyn/Documents/Merlin/project/Docs/Final Report/douglas_peucker
.png>] [13]
Overfull \vbox (9.66284pt too high) has occurred while \output is active []


[14 <D:/Users/Robyn/Documents/Merlin/project/Docs/Final Report/skel_src.jpg> <D
:/Users/Robyn/Documents/Merlin/project/Docs/Final Report/skel_src_mask.jpg> <D:
/Users/Robyn/Documents/Merlin/project/Docs/Final Report/skel.jpg> <D:/Users/Rob
yn/Documents/Merlin/project/Docs/Final Report/skel_reduced.jpg>] [15]
Missing character: There is no â in font cmr12!
Missing character: There is no € in font cmr12!
Missing character: There is no “ in font cmr12!
Missing character: There is no â in font cmr12!
Missing character: There is no € in font cmr12!
Missing character: There is no “ in font cmr12!

Underfull \hbox (badness 4217) in paragraph at lines 567--573
[]\OT1/cmr/m/n/12 Qt Project, "Qt Ref-er-ence Pages", Qt-Doc 5.3, []$\OT1/cmtt/
m/n/12 http : / / docs . opencv . org /$
 []


Underfull \hbox (badness 10000) in paragraph at lines 599--606
[]$\OT1/cmtt/m/n/12 http : / / www . intechopen . com / books / scene _ reconst
ruction _ pose _ estimation _$
 []


Underfull \hbox (badness 10000) in paragraph at lines 599--606
$\OT1/cmtt/m/n/12 and _ tracking / an _ introduction _ to _ model-[]based _ pos
e _ estimation _ and _ 3-[]d _$
 []

[16

] [17] <system_flowchart.pdf, id=514, 596.98032pt x 844.65562pt>
File: system_flowchart.pdf Graphic file (type pdf)

<use system_flowchart.pdf>
Package pdftex.def Info: system_flowchart.pdf used on input line 616.
(pdftex.def)             Requested size: 596.97885pt x 844.65356pt.
File: system_flowchart.pdf Graphic file (type pdf)
 <use system_flowchart.pdf>
Package pdftex.def Info: system_flowchart.pdf used on input line 616.
(pdftex.def)             Requested size: 596.97885pt x 844.65356pt.
 [18

]
<system_flowchart.pdf, id=521, page=1, 596.98032pt x 844.65562pt>
File: system_flowchart.pdf Graphic file (type pdf)

<use system_flowchart.pdf, page 1>
Package pdftex.def Info: system_flowchart.pdf, page1 used on input line 616.
(pdftex.def)             Requested size: 596.97885pt x 844.65356pt.
File: system_flowchart.pdf Graphic file (type pdf)
 <use system_flowchart.pdf, page 1>
Package pdftex.def Info: system_flowchart.pdf, page1 used on input line 616.
(pdftex.def)             Requested size: 597.71669pt x 845.69751pt.
File: system_flowchart.pdf Graphic file (type pdf)

<use system_flowchart.pdf, page 1>
Package pdftex.def Info: system_flowchart.pdf, page1 used on input line 616.
(pdftex.def)             Requested size: 597.71669pt x 845.69751pt.
File: system_flowchart.pdf Graphic file (type pdf)
 <use system_flowchart.pdf, page 1>
Package pdftex.def Info: system_flowchart.pdf, page1 used on input line 616.
(pdftex.def)             Requested size: 597.71669pt x 845.69751pt.
File: system_flowchart.pdf Graphic file (type pdf)

<use system_flowchart.pdf, page 1>
Package pdftex.def Info: system_flowchart.pdf, page1 used on input line 616.
(pdftex.def)             Requested size: 597.71669pt x 845.69751pt.
 [19 <D:/Users/Robyn/Documents/Merlin/project/Docs/Final Report/system_flowchar
t.pdf>]
<Gantt_initial_split.png, id=597, 802.49812pt x 863.47594pt>
File: Gantt_initial_split.png Graphic file (type png)

<use Gantt_initial_split.png>
Package pdftex.def Info: Gantt_initial_split.png used on input line 623.
(pdftex.def)             Requested size: 460.93466pt x 495.96779pt.

<Gantt_new_split.png, id=599, 805.50937pt x 649.67719pt>
File: Gantt_new_split.png Graphic file (type png)

<use Gantt_new_split.png>
Package pdftex.def Info: Gantt_new_split.png used on input line 633.
(pdftex.def)             Requested size: 460.93466pt x 371.75726pt.
 [20 <D:/Users/Robyn/Documents/Merlin/project/Docs/Final Report/Gantt_initial_s
plit.png>]
<progress_report.pdf, id=605, 597.50829pt x 845.0471pt>
File: progress_report.pdf Graphic file (type pdf)

<use progress_report.pdf>
Package pdftex.def Info: progress_report.pdf used on input line 641.
(pdftex.def)             Requested size: 597.50682pt x 845.04504pt.
File: progress_report.pdf Graphic file (type pdf)
 <use progress_report.pdf>
Package pdftex.def Info: progress_report.pdf used on input line 641.
(pdftex.def)             Requested size: 597.50682pt x 845.04504pt.
 [21 <D:/Users/Robyn/Documents/Merlin/project/Docs/Final Report/Gantt_new_split
.png>]
<progress_report.pdf, id=612, page=1, 597.50829pt x 845.0471pt>
File: progress_report.pdf Graphic file (type pdf)

<use progress_report.pdf, page 1>
Package pdftex.def Info: progress_report.pdf, page1 used on input line 641.
(pdftex.def)             Requested size: 597.50682pt x 845.04504pt.
File: progress_report.pdf Graphic file (type pdf)
 <use progress_report.pdf, page 1>
Package pdftex.def Info: progress_report.pdf, page1 used on input line 641.
(pdftex.def)             Requested size: 597.53416pt x 845.08372pt.
File: progress_report.pdf Graphic file (type pdf)

<use progress_report.pdf, page 1>
Package pdftex.def Info: progress_report.pdf, page1 used on input line 641.
(pdftex.def)             Requested size: 597.53416pt x 845.08372pt.
File: progress_report.pdf Graphic file (type pdf)
 <use progress_report.pdf, page 1>
Package pdftex.def Info: progress_report.pdf, page1 used on input line 641.
(pdftex.def)             Requested size: 597.53416pt x 845.08372pt.
File: progress_report.pdf Graphic file (type pdf)

<use progress_report.pdf, page 1>
Package pdftex.def Info: progress_report.pdf, page1 used on input line 641.
(pdftex.def)             Requested size: 597.53416pt x 845.08372pt.
 [22 <D:/Users/Robyn/Documents/Merlin/project/Docs/Final Report/progress_report
.pdf>]
<progress_report.pdf, id=625, page=2, 597.50829pt x 845.0471pt>
File: progress_report.pdf Graphic file (type pdf)

<use progress_report.pdf, page 2>
Package pdftex.def Info: progress_report.pdf, page2 used on input line 641.
(pdftex.def)             Requested size: 597.53416pt x 845.08372pt.
File: progress_report.pdf Graphic file (type pdf)
 <use progress_report.pdf, page 2>
Package pdftex.def Info: progress_report.pdf, page2 used on input line 641.
(pdftex.def)             Requested size: 597.53416pt x 845.08372pt.
File: progress_report.pdf Graphic file (type pdf)

<use progress_report.pdf, page 2>
Package pdftex.def Info: progress_report.pdf, page2 used on input line 641.
(pdftex.def)             Requested size: 597.53416pt x 845.08372pt.
 [23 <D:/Users/Robyn/Documents/Merlin/project/Docs/Final Report/progress_report
.pdf>]
<progress_report.pdf, id=645, page=3, 597.50829pt x 845.0471pt>
File: progress_report.pdf Graphic file (type pdf)

<use progress_report.pdf, page 3>
Package pdftex.def Info: progress_report.pdf, page3 used on input line 641.
(pdftex.def)             Requested size: 597.53416pt x 845.08372pt.
File: progress_report.pdf Graphic file (type pdf)
 <use progress_report.pdf, page 3>
Package pdftex.def Info: progress_report.pdf, page3 used on input line 641.
(pdftex.def)             Requested size: 597.53416pt x 845.08372pt.
File: progress_report.pdf Graphic file (type pdf)

<use progress_report.pdf, page 3>
Package pdftex.def Info: progress_report.pdf, page3 used on input line 641.
(pdftex.def)             Requested size: 597.53416pt x 845.08372pt.
 [24 <D:/Users/Robyn/Documents/Merlin/project/Docs/Final Report/progress_report
.pdf>]
<progress_report.pdf, id=650, page=4, 597.50829pt x 845.0471pt>
File: progress_report.pdf Graphic file (type pdf)

<use progress_report.pdf, page 4>
Package pdftex.def Info: progress_report.pdf, page4 used on input line 641.
(pdftex.def)             Requested size: 597.53416pt x 845.08372pt.
File: progress_report.pdf Graphic file (type pdf)
 <use progress_report.pdf, page 4>
Package pdftex.def Info: progress_report.pdf, page4 used on input line 641.
(pdftex.def)             Requested size: 597.53416pt x 845.08372pt.
File: progress_report.pdf Graphic file (type pdf)

<use progress_report.pdf, page 4>
Package pdftex.def Info: progress_report.pdf, page4 used on input line 641.
(pdftex.def)             Requested size: 597.53416pt x 845.08372pt.
 [25 <D:/Users/Robyn/Documents/Merlin/project/Docs/Final Report/progress_report
.pdf>]
<progress_report.pdf, id=661, page=5, 597.50829pt x 845.0471pt>
File: progress_report.pdf Graphic file (type pdf)

<use progress_report.pdf, page 5>
Package pdftex.def Info: progress_report.pdf, page5 used on input line 641.
(pdftex.def)             Requested size: 597.53416pt x 845.08372pt.
File: progress_report.pdf Graphic file (type pdf)
 <use progress_report.pdf, page 5>
Package pdftex.def Info: progress_report.pdf, page5 used on input line 641.
(pdftex.def)             Requested size: 597.53416pt x 845.08372pt.
File: progress_report.pdf Graphic file (type pdf)

<use progress_report.pdf, page 5>
Package pdftex.def Info: progress_report.pdf, page5 used on input line 641.
(pdftex.def)             Requested size: 597.53416pt x 845.08372pt.
 [26 <D:/Users/Robyn/Documents/Merlin/project/Docs/Final Report/progress_report
.pdf>]
<progress_report.pdf, id=667, page=6, 597.50829pt x 845.0471pt>
File: progress_report.pdf Graphic file (type pdf)

<use progress_report.pdf, page 6>
Package pdftex.def Info: progress_report.pdf, page6 used on input line 641.
(pdftex.def)             Requested size: 597.53416pt x 845.08372pt.
File: progress_report.pdf Graphic file (type pdf)
 <use progress_report.pdf, page 6>
Package pdftex.def Info: progress_report.pdf, page6 used on input line 641.
(pdftex.def)             Requested size: 597.53416pt x 845.08372pt.
File: progress_report.pdf Graphic file (type pdf)

<use progress_report.pdf, page 6>
Package pdftex.def Info: progress_report.pdf, page6 used on input line 641.
(pdftex.def)             Requested size: 597.53416pt x 845.08372pt.
 [27 <D:/Users/Robyn/Documents/Merlin/project/Docs/Final Report/progress_report
.pdf>]
<progress_report.pdf, id=679, page=7, 597.50829pt x 845.0471pt>
File: progress_report.pdf Graphic file (type pdf)

<use progress_report.pdf, page 7>
Package pdftex.def Info: progress_report.pdf, page7 used on input line 641.
(pdftex.def)             Requested size: 597.53416pt x 845.08372pt.
File: progress_report.pdf Graphic file (type pdf)
 <use progress_report.pdf, page 7>
Package pdftex.def Info: progress_report.pdf, page7 used on input line 641.
(pdftex.def)             Requested size: 597.53416pt x 845.08372pt.
File: progress_report.pdf Graphic file (type pdf)

<use progress_report.pdf, page 7>
Package pdftex.def Info: progress_report.pdf, page7 used on input line 641.
(pdftex.def)             Requested size: 597.53416pt x 845.08372pt.
 [28 <D:/Users/Robyn/Documents/Merlin/project/Docs/Final Report/progress_report
.pdf>]
<progress_report.pdf, id=685, page=8, 597.50829pt x 845.0471pt>
File: progress_report.pdf Graphic file (type pdf)

<use progress_report.pdf, page 8>
Package pdftex.def Info: progress_report.pdf, page8 used on input line 641.
(pdftex.def)             Requested size: 597.53416pt x 845.08372pt.
File: progress_report.pdf Graphic file (type pdf)
 <use progress_report.pdf, page 8>
Package pdftex.def Info: progress_report.pdf, page8 used on input line 641.
(pdftex.def)             Requested size: 597.53416pt x 845.08372pt.
File: progress_report.pdf Graphic file (type pdf)

<use progress_report.pdf, page 8>
Package pdftex.def Info: progress_report.pdf, page8 used on input line 641.
(pdftex.def)             Requested size: 597.53416pt x 845.08372pt.
 [29 <D:/Users/Robyn/Documents/Merlin/project/Docs/Final Report/progress_report
.pdf>]
<progress_report.pdf, id=695, page=9, 597.50829pt x 845.0471pt>
File: progress_report.pdf Graphic file (type pdf)

<use progress_report.pdf, page 9>
Package pdftex.def Info: progress_report.pdf, page9 used on input line 641.
(pdftex.def)             Requested size: 597.53416pt x 845.08372pt.
File: progress_report.pdf Graphic file (type pdf)
 <use progress_report.pdf, page 9>
Package pdftex.def Info: progress_report.pdf, page9 used on input line 641.
(pdftex.def)             Requested size: 597.53416pt x 845.08372pt.
File: progress_report.pdf Graphic file (type pdf)

<use progress_report.pdf, page 9>
Package pdftex.def Info: progress_report.pdf, page9 used on input line 641.
(pdftex.def)             Requested size: 597.53416pt x 845.08372pt.
 [30 <D:/Users/Robyn/Documents/Merlin/project/Docs/Final Report/progress_report
.pdf>]
<progress_report.pdf, id=702, page=10, 597.50829pt x 845.0471pt>
File: progress_report.pdf Graphic file (type pdf)

<use progress_report.pdf, page 10>
Package pdftex.def Info: progress_report.pdf, page10 used on input line 641.
(pdftex.def)             Requested size: 597.53416pt x 845.08372pt.
File: progress_report.pdf Graphic file (type pdf)
 <use progress_report.pdf, page 10>
Package pdftex.def Info: progress_report.pdf, page10 used on input line 641.
(pdftex.def)             Requested size: 597.53416pt x 845.08372pt.
File: progress_report.pdf Graphic file (type pdf)

<use progress_report.pdf, page 10>
Package pdftex.def Info: progress_report.pdf, page10 used on input line 641.
(pdftex.def)             Requested size: 597.53416pt x 845.08372pt.
 [31 <D:/Users/Robyn/Documents/Merlin/project/Docs/Final Report/progress_report
.pdf>]
<progress_report.pdf, id=709, page=11, 597.50829pt x 845.0471pt>
File: progress_report.pdf Graphic file (type pdf)

<use progress_report.pdf, page 11>
Package pdftex.def Info: progress_report.pdf, page11 used on input line 641.
(pdftex.def)             Requested size: 597.53416pt x 845.08372pt.
File: progress_report.pdf Graphic file (type pdf)
 <use progress_report.pdf, page 11>
Package pdftex.def Info: progress_report.pdf, page11 used on input line 641.
(pdftex.def)             Requested size: 597.53416pt x 845.08372pt.
File: progress_report.pdf Graphic file (type pdf)

<use progress_report.pdf, page 11>
Package pdftex.def Info: progress_report.pdf, page11 used on input line 641.
(pdftex.def)             Requested size: 597.53416pt x 845.08372pt.
 [32 <D:/Users/Robyn/Documents/Merlin/project/Docs/Final Report/progress_report
.pdf>]
<progress_report.pdf, id=715, page=12, 597.50829pt x 845.0471pt>
File: progress_report.pdf Graphic file (type pdf)

<use progress_report.pdf, page 12>
Package pdftex.def Info: progress_report.pdf, page12 used on input line 641.
(pdftex.def)             Requested size: 597.53416pt x 845.08372pt.
File: progress_report.pdf Graphic file (type pdf)
 <use progress_report.pdf, page 12>
Package pdftex.def Info: progress_report.pdf, page12 used on input line 641.
(pdftex.def)             Requested size: 597.53416pt x 845.08372pt.
File: progress_report.pdf Graphic file (type pdf)

<use progress_report.pdf, page 12>
Package pdftex.def Info: progress_report.pdf, page12 used on input line 641.
(pdftex.def)             Requested size: 597.53416pt x 845.08372pt.
 [33 <D:/Users/Robyn/Documents/Merlin/project/Docs/Final Report/progress_report
.pdf>]
<progress_report.pdf, id=723, page=13, 597.50829pt x 845.0471pt>
File: progress_report.pdf Graphic file (type pdf)

<use progress_report.pdf, page 13>
Package pdftex.def Info: progress_report.pdf, page13 used on input line 641.
(pdftex.def)             Requested size: 597.53416pt x 845.08372pt.
File: progress_report.pdf Graphic file (type pdf)
 <use progress_report.pdf, page 13>
Package pdftex.def Info: progress_report.pdf, page13 used on input line 641.
(pdftex.def)             Requested size: 597.53416pt x 845.08372pt.
File: progress_report.pdf Graphic file (type pdf)

<use progress_report.pdf, page 13>
Package pdftex.def Info: progress_report.pdf, page13 used on input line 641.
(pdftex.def)             Requested size: 597.53416pt x 845.08372pt.
 [34 <D:/Users/Robyn/Documents/Merlin/project/Docs/Final Report/progress_report
.pdf>]
<progress_report.pdf, id=738, page=14, 597.50829pt x 845.0471pt>
File: progress_report.pdf Graphic file (type pdf)

<use progress_report.pdf, page 14>
Package pdftex.def Info: progress_report.pdf, page14 used on input line 641.
(pdftex.def)             Requested size: 597.53416pt x 845.08372pt.
File: progress_report.pdf Graphic file (type pdf)
 <use progress_report.pdf, page 14>
Package pdftex.def Info: progress_report.pdf, page14 used on input line 641.
(pdftex.def)             Requested size: 597.53416pt x 845.08372pt.
File: progress_report.pdf Graphic file (type pdf)

<use progress_report.pdf, page 14>
Package pdftex.def Info: progress_report.pdf, page14 used on input line 641.
(pdftex.def)             Requested size: 597.53416pt x 845.08372pt.
 [35 <D:/Users/Robyn/Documents/Merlin/project/Docs/Final Report/progress_report
.pdf>]
<progress_report.pdf, id=744, page=15, 597.50829pt x 845.0471pt>
File: progress_report.pdf Graphic file (type pdf)

<use progress_report.pdf, page 15>
Package pdftex.def Info: progress_report.pdf, page15 used on input line 641.
(pdftex.def)             Requested size: 597.53416pt x 845.08372pt.
File: progress_report.pdf Graphic file (type pdf)
 <use progress_report.pdf, page 15>
Package pdftex.def Info: progress_report.pdf, page15 used on input line 641.
(pdftex.def)             Requested size: 597.53416pt x 845.08372pt.
File: progress_report.pdf Graphic file (type pdf)

<use progress_report.pdf, page 15>
Package pdftex.def Info: progress_report.pdf, page15 used on input line 641.
(pdftex.def)             Requested size: 597.53416pt x 845.08372pt.
 [36 <D:/Users/Robyn/Documents/Merlin/project/Docs/Final Report/progress_report
.pdf>]
<progress_report.pdf, id=750, page=16, 597.50829pt x 845.0471pt>
File: progress_report.pdf Graphic file (type pdf)

<use progress_report.pdf, page 16>
Package pdftex.def Info: progress_report.pdf, page16 used on input line 641.
(pdftex.def)             Requested size: 597.53416pt x 845.08372pt.
File: progress_report.pdf Graphic file (type pdf)
 <use progress_report.pdf, page 16>
Package pdftex.def Info: progress_report.pdf, page16 used on input line 641.
(pdftex.def)             Requested size: 597.53416pt x 845.08372pt.
File: progress_report.pdf Graphic file (type pdf)

<use progress_report.pdf, page 16>
Package pdftex.def Info: progress_report.pdf, page16 used on input line 641.
(pdftex.def)             Requested size: 597.53416pt x 845.08372pt.
 [37 <D:/Users/Robyn/Documents/Merlin/project/Docs/Final Report/progress_report
.pdf>]
<progress_report.pdf, id=760, page=17, 597.50829pt x 845.0471pt>
File: progress_report.pdf Graphic file (type pdf)

<use progress_report.pdf, page 17>
Package pdftex.def Info: progress_report.pdf, page17 used on input line 641.
(pdftex.def)             Requested size: 597.53416pt x 845.08372pt.
File: progress_report.pdf Graphic file (type pdf)
 <use progress_report.pdf, page 17>
Package pdftex.def Info: progress_report.pdf, page17 used on input line 641.
(pdftex.def)             Requested size: 597.53416pt x 845.08372pt.
File: progress_report.pdf Graphic file (type pdf)

<use progress_report.pdf, page 17>
Package pdftex.def Info: progress_report.pdf, page17 used on input line 641.
(pdftex.def)             Requested size: 597.53416pt x 845.08372pt.
 [38 <D:/Users/Robyn/Documents/Merlin/project/Docs/Final Report/progress_report
.pdf>]
<progress_report.pdf, id=765, page=18, 597.50829pt x 845.0471pt>
File: progress_report.pdf Graphic file (type pdf)

<use progress_report.pdf, page 18>
Package pdftex.def Info: progress_report.pdf, page18 used on input line 641.
(pdftex.def)             Requested size: 597.53416pt x 845.08372pt.
File: progress_report.pdf Graphic file (type pdf)
 <use progress_report.pdf, page 18>
Package pdftex.def Info: progress_report.pdf, page18 used on input line 641.
(pdftex.def)             Requested size: 597.53416pt x 845.08372pt.
File: progress_report.pdf Graphic file (type pdf)

<use progress_report.pdf, page 18>
Package pdftex.def Info: progress_report.pdf, page18 used on input line 641.
(pdftex.def)             Requested size: 597.53416pt x 845.08372pt.
 [39 <D:/Users/Robyn/Documents/Merlin/project/Docs/Final Report/progress_report
.pdf>]
<progress_report.pdf, id=770, page=19, 597.50829pt x 845.0471pt>
File: progress_report.pdf Graphic file (type pdf)

<use progress_report.pdf, page 19>
Package pdftex.def Info: progress_report.pdf, page19 used on input line 641.
(pdftex.def)             Requested size: 597.53416pt x 845.08372pt.
File: progress_report.pdf Graphic file (type pdf)
 <use progress_report.pdf, page 19>
Package pdftex.def Info: progress_report.pdf, page19 used on input line 641.
(pdftex.def)             Requested size: 597.53416pt x 845.08372pt.
File: progress_report.pdf Graphic file (type pdf)

<use progress_report.pdf, page 19>
Package pdftex.def Info: progress_report.pdf, page19 used on input line 641.
(pdftex.def)             Requested size: 597.53416pt x 845.08372pt.
 [40 <D:/Users/Robyn/Documents/Merlin/project/Docs/Final Report/progress_report
.pdf>]
<progress_report.pdf, id=775, page=20, 597.50829pt x 845.0471pt>
File: progress_report.pdf Graphic file (type pdf)

<use progress_report.pdf, page 20>
Package pdftex.def Info: progress_report.pdf, page20 used on input line 641.
(pdftex.def)             Requested size: 597.53416pt x 845.08372pt.
File: progress_report.pdf Graphic file (type pdf)
 <use progress_report.pdf, page 20>
Package pdftex.def Info: progress_report.pdf, page20 used on input line 641.
(pdftex.def)             Requested size: 597.53416pt x 845.08372pt.
File: progress_report.pdf Graphic file (type pdf)

<use progress_report.pdf, page 20>
Package pdftex.def Info: progress_report.pdf, page20 used on input line 641.
(pdftex.def)             Requested size: 597.53416pt x 845.08372pt.
 [41 <D:/Users/Robyn/Documents/Merlin/project/Docs/Final Report/progress_report
.pdf>]
<progress_report.pdf, id=783, page=21, 597.50829pt x 845.0471pt>
File: progress_report.pdf Graphic file (type pdf)

<use progress_report.pdf, page 21>
Package pdftex.def Info: progress_report.pdf, page21 used on input line 641.
(pdftex.def)             Requested size: 597.53416pt x 845.08372pt.
File: progress_report.pdf Graphic file (type pdf)
 <use progress_report.pdf, page 21>
Package pdftex.def Info: progress_report.pdf, page21 used on input line 641.
(pdftex.def)             Requested size: 597.53416pt x 845.08372pt.
File: progress_report.pdf Graphic file (type pdf)

<use progress_report.pdf, page 21>
Package pdftex.def Info: progress_report.pdf, page21 used on input line 641.
(pdftex.def)             Requested size: 597.53416pt x 845.08372pt.
 [42 <D:/Users/Robyn/Documents/Merlin/project/Docs/Final Report/progress_report
.pdf>]
Package atveryend Info: Empty hook `BeforeClearDocument' on input line 644.
Package atveryend Info: Empty hook `AfterLastShipout' on input line 644.

("D:\Users\Robyn\Documents\Merlin\project\Docs\Final Report\final_report.aux")
Package atveryend Info: Executing hook `AtVeryEndDocument' on input line 644.
Package atveryend Info: Executing hook `AtEndAfterFileList' on input line 644.
Package rerunfilecheck Info: File `final_report.out' has not changed.
(rerunfilecheck)             Checksum: 246B7D38B4C648E9E514B60A4026A41B;2797.


LaTeX Font Warning: Some font shapes were not available, defaults substituted.


LaTeX Warning: Label(s) may have changed. Rerun to get cross-references right.

Package atveryend Info: Empty hook `AtVeryVeryEnd' on input line 644.
 )
(\end occurred inside a group at level 1)

### simple group (level 1) entered at line 379 ({)
### bottom level
(\end occurred when \ifx on line 379 was incomplete)
(\end occurred when \ifx on line 379 was incomplete) 
Here is how much of TeX's memory you used:
 18060 strings out of 493921
 343198 string characters out of 3144876
 407876 words of memory out of 3000000
 20877 multiletter control sequences out of 15000+200000
 10765 words of font info for 38 fonts, out of 3000000 for 9000
 841 hyphenation exceptions out of 8191
 62i,18n,80p,1181b,701s stack positions out of 5000i,500n,10000p,200000b,50000s
<D:/Program Files (x86)/MiK
TeX 2.9/fonts/type1/public/amsfonts/cm/cmbx12.pfb><D:/Program Files (x86)/MiKTe
X 2.9/fonts/type1/public/amsfonts/cm/cmbxti10.pfb><D:/Program Files (x86)/MiKTe
X 2.9/fonts/type1/public/amsfonts/cm/cmcsc10.pfb><D:/Program Files (x86)/MiKTeX
 2.9/fonts/type1/public/amsfonts/cm/cmmi12.pfb><D:/Program Files (x86)/MiKTeX 2
.9/fonts/type1/public/amsfonts/cm/cmr10.pfb><D:/Program Files (x86)/MiKTeX 2.9/
fonts/type1/public/amsfonts/cm/cmr12.pfb><D:/Program Files (x86)/MiKTeX 2.9/fon
ts/type1/public/amsfonts/cm/cmr17.pfb><D:/Program Files (x86)/MiKTeX 2.9/fonts/
type1/public/amsfonts/cm/cmsy10.pfb><D:/Program Files (x86)/MiKTeX 2.9/fonts/ty
pe1/public/amsfonts/cm/cmtcsc10.pfb><D:/Program Files (x86)/MiKTeX 2.9/fonts/ty
pe1/public/amsfonts/cm/cmtt12.pfb>
Output written on final_report.pdf (48 pages, 33407643 bytes).
PDF statistics:
 849 PDF objects out of 1000 (max. 8388607)
 156 named destinations out of 1000 (max. 500000)
 573 words of extra memory for PDF output out of 10000 (max. 10000000)

