\BOOKMARK [1][-]{section.1}{Background}{}% 1
\BOOKMARK [2][-]{subsection.1.1}{Formation Skydiving}{section.1}% 2
\BOOKMARK [3][-]{subsubsection.1.1.1}{Rules}{subsection.1.1}% 3
\BOOKMARK [3][-]{subsubsection.1.1.2}{Training Practices}{subsection.1.1}% 4
\BOOKMARK [2][-]{subsection.1.2}{Project Brief}{section.1}% 5
\BOOKMARK [1][-]{section.2}{Literature Report}{}% 6
\BOOKMARK [2][-]{subsection.2.1}{Pose Detection}{section.2}% 7
\BOOKMARK [2][-]{subsection.2.2}{Active Shape Models}{section.2}% 8
\BOOKMARK [2][-]{subsection.2.3}{Template Matching}{section.2}% 9
\BOOKMARK [1][-]{section.3}{Problem Analysis and Specification}{}% 10
\BOOKMARK [1][-]{section.4}{Final System Design}{}% 11
\BOOKMARK [2][-]{subsection.4.1}{Computing Background Image}{section.4}% 12
\BOOKMARK [2][-]{subsection.4.2}{Foreground Extraction}{section.4}% 13
\BOOKMARK [3][-]{subsubsection.4.2.1}{Binary Median Filter}{subsection.4.2}% 14
\BOOKMARK [2][-]{subsection.4.3}{Rotation Metric}{section.4}% 15
\BOOKMARK [3][-]{subsubsection.4.3.1}{Image Moments}{subsection.4.3}% 16
\BOOKMARK [3][-]{subsubsection.4.3.2}{Skydiver Orientation}{subsection.4.3}% 17
\BOOKMARK [2][-]{subsection.4.4}{Translation Metric}{section.4}% 18
\BOOKMARK [2][-]{subsection.4.5}{Scale Metric}{section.4}% 19
\BOOKMARK [2][-]{subsection.4.6}{Template Matching}{section.4}% 20
\BOOKMARK [2][-]{subsection.4.7}{Model Plausibility Test}{section.4}% 21
\BOOKMARK [2][-]{subsection.4.8}{Model Initialisation}{section.4}% 22
\BOOKMARK [3][-]{subsubsection.4.8.1}{Finding Skydivers}{subsection.4.8}% 23
\BOOKMARK [2][-]{subsection.4.9}{Formation Detection}{section.4}% 24
\BOOKMARK [2][-]{subsection.4.10}{Landmark Collection Tool}{section.4}% 25
\BOOKMARK [2][-]{subsection.4.11}{Template Creation Tool}{section.4}% 26
\BOOKMARK [2][-]{subsection.4.12}{Principle Component Analysis Tool}{section.4}% 27
\BOOKMARK [3][-]{subsubsection.4.12.1}{Generalised Procrustes Analysis}{subsection.4.12}% 28
\BOOKMARK [3][-]{subsubsection.4.12.2}{Principle Component Analysis}{subsection.4.12}% 29
\BOOKMARK [1][-]{section.5}{Additional Work}{}% 30
\BOOKMARK [2][-]{subsection.5.1}{Principle Component Analysis Demonstration}{section.5}% 31
\BOOKMARK [2][-]{subsection.5.2}{Skeletonisation}{section.5}% 32
\BOOKMARK [3][-]{subsubsection.5.2.1}{Skeletonisation Algorithm}{subsection.5.2}% 33
\BOOKMARK [3][-]{subsubsection.5.2.2}{Skeleton Simplification Algorithm}{subsection.5.2}% 34
\BOOKMARK [1][-]{section.6}{Project Management}{}% 35
\BOOKMARK [1][-]{section.7}{Conclusion}{}% 36
\BOOKMARK [2][-]{subsection.7.1}{Critical Evaluation}{section.7}% 37
\BOOKMARK [2][-]{subsection.7.2}{Future Work}{section.7}% 38
\BOOKMARK [1][-]{section*.37}{Appendices}{}% 39
