This is pdfTeX, Version 3.1415926-2.5-1.40.14 (MiKTeX 2.9) (preloaded format=pdflatex 2014.10.2)  9 DEC 2014 15:22
entering extended mode
**progress*report.tex

("D:\Libaries\Uni Work\Year 3\Part III Project\Docs\Progress Report\progress re
port.tex"
LaTeX2e <2011/06/27>
Babel <v3.8m> and hyphenation patterns for english, afrikaans, ancientgreek, ar
abic, armenian, assamese, basque, bengali, bokmal, bulgarian, catalan, coptic, 
croatian, czech, danish, dutch, esperanto, estonian, farsi, finnish, french, ga
lician, german, german-x-2013-05-26, greek, gujarati, hindi, hungarian, iceland
ic, indonesian, interlingua, irish, italian, kannada, kurmanji, latin, latvian,
 lithuanian, malayalam, marathi, mongolian, mongolianlmc, monogreek, ngerman, n
german-x-2013-05-26, nynorsk, oriya, panjabi, pinyin, polish, portuguese, roman
ian, russian, sanskrit, serbian, slovak, slovenian, spanish, swedish, swissgerm
an, tamil, telugu, turkish, turkmen, ukenglish, ukrainian, uppersorbian, usengl
ishmax, welsh, loaded.
("D:\Program Files (x86)\MiKTeX 2.9\tex\latex\base\article.cls"
Document Class: article 2007/10/19 v1.4h Standard LaTeX document class
("D:\Program Files (x86)\MiKTeX 2.9\tex\latex\base\size12.clo"
File: size12.clo 2007/10/19 v1.4h Standard LaTeX file (size option)
)
\c@part=\count79
\c@section=\count80
\c@subsection=\count81
\c@subsubsection=\count82
\c@paragraph=\count83
\c@subparagraph=\count84
\c@figure=\count85
\c@table=\count86
\abovecaptionskip=\skip41
\belowcaptionskip=\skip42
\bibindent=\dimen102
)
("D:\Program Files (x86)\MiKTeX 2.9\tex\latex\geometry\geometry.sty"
Package: geometry 2010/09/12 v5.6 Page Geometry

("D:\Program Files (x86)\MiKTeX 2.9\tex\latex\graphics\keyval.sty"
Package: keyval 1999/03/16 v1.13 key=value parser (DPC)
\KV@toks@=\toks14
)
("D:\Program Files (x86)\MiKTeX 2.9\tex\generic\oberdiek\ifpdf.sty"
Package: ifpdf 2011/01/30 v2.3 Provides the ifpdf switch (HO)
Package ifpdf Info: pdfTeX in PDF mode is detected.
)
("D:\Program Files (x86)\MiKTeX 2.9\tex\generic\oberdiek\ifvtex.sty"
Package: ifvtex 2010/03/01 v1.5 Detect VTeX and its facilities (HO)
Package ifvtex Info: VTeX not detected.
)
("D:\Program Files (x86)\MiKTeX 2.9\tex\generic\ifxetex\ifxetex.sty"
Package: ifxetex 2010/09/12 v0.6 Provides ifxetex conditional
)
\Gm@cnth=\count87
\Gm@cntv=\count88
\c@Gm@tempcnt=\count89
\Gm@bindingoffset=\dimen103
\Gm@wd@mp=\dimen104
\Gm@odd@mp=\dimen105
\Gm@even@mp=\dimen106
\Gm@layoutwidth=\dimen107
\Gm@layoutheight=\dimen108
\Gm@layouthoffset=\dimen109
\Gm@layoutvoffset=\dimen110
\Gm@dimlist=\toks15

("D:\Program Files (x86)\MiKTeX 2.9\tex\latex\geometry\geometry.cfg"))
("D:\Program Files (x86)\MiKTeX 2.9\tex\latex\float\float.sty"
Package: float 2001/11/08 v1.3d Float enhancements (AL)
\c@float@type=\count90
\float@exts=\toks16
\float@box=\box26
\@float@everytoks=\toks17
\@floatcapt=\box27
)
(C:\Users\Merlin\AppData\Roaming\MiKTeX\2.9\tex\latex\titling\titling.sty
Package: titling 2009/09/04 v2.1d maketitle typesetting
\thanksmarkwidth=\skip43
\thanksmargin=\skip44
\droptitle=\skip45
)
("D:\Program Files (x86)\MiKTeX 2.9\tex\latex\graphics\graphicx.sty"
Package: graphicx 1999/02/16 v1.0f Enhanced LaTeX Graphics (DPC,SPQR)

("D:\Program Files (x86)\MiKTeX 2.9\tex\latex\graphics\graphics.sty"
Package: graphics 2009/02/05 v1.0o Standard LaTeX Graphics (DPC,SPQR)

("D:\Program Files (x86)\MiKTeX 2.9\tex\latex\graphics\trig.sty"
Package: trig 1999/03/16 v1.09 sin cos tan (DPC)
)
("D:\Program Files (x86)\MiKTeX 2.9\tex\latex\00miktex\graphics.cfg"
File: graphics.cfg 2007/01/18 v1.5 graphics configuration of teTeX/TeXLive
)
Package graphics Info: Driver file: pdftex.def on input line 91.

("D:\Program Files (x86)\MiKTeX 2.9\tex\latex\pdftex-def\pdftex.def"
File: pdftex.def 2011/05/27 v0.06d Graphics/color for pdfTeX

("D:\Program Files (x86)\MiKTeX 2.9\tex\generic\oberdiek\infwarerr.sty"
Package: infwarerr 2010/04/08 v1.3 Providing info/warning/error messages (HO)
)
("D:\Program Files (x86)\MiKTeX 2.9\tex\generic\oberdiek\ltxcmds.sty"
Package: ltxcmds 2011/11/09 v1.22 LaTeX kernel commands for general use (HO)
)
\Gread@gobject=\count91
))
\Gin@req@height=\dimen111
\Gin@req@width=\dimen112
)
(C:\Users\Merlin\AppData\Roaming\MiKTeX\2.9\tex\latex\caption\caption.sty
Package: caption 2013/05/02 v3.3-89 Customizing captions (AR)

(C:\Users\Merlin\AppData\Roaming\MiKTeX\2.9\tex\latex\caption\caption3.sty
Package: caption3 2013/05/02 v1.6-88 caption3 kernel (AR)
Package caption3 Info: TeX engine: e-TeX on input line 57.
\captionmargin=\dimen113
\captionmargin@=\dimen114
\captionwidth=\dimen115
\caption@tempdima=\dimen116
\caption@indent=\dimen117
\caption@parindent=\dimen118
\caption@hangindent=\dimen119
)
\c@ContinuedFloat=\count92
Package caption Info: float package is loaded.
)
(C:\Users\Merlin\AppData\Roaming\MiKTeX\2.9\tex\latex\caption\subcaption.sty
Package: subcaption 2013/02/03 v1.1-62 Sub-captions (AR)
\c@subfigure=\count93
\c@subtable=\count94
)
("D:\Program Files (x86)\MiKTeX 2.9\tex\latex\hyperref\hyperref.sty"
Package: hyperref 2012/11/06 v6.83m Hypertext links for LaTeX

("D:\Program Files (x86)\MiKTeX 2.9\tex\generic\oberdiek\hobsub-hyperref.sty"
Package: hobsub-hyperref 2012/04/25 v1.12 Bundle oberdiek, subset hyperref (HO)


("D:\Program Files (x86)\MiKTeX 2.9\tex\generic\oberdiek\hobsub-generic.sty"
Package: hobsub-generic 2012/04/25 v1.12 Bundle oberdiek, subset generic (HO)
Package: hobsub 2012/04/25 v1.12 Construct package bundles (HO)
Package hobsub Info: Skipping package `infwarerr' (already loaded).
Package hobsub Info: Skipping package `ltxcmds' (already loaded).
Package: ifluatex 2010/03/01 v1.3 Provides the ifluatex switch (HO)
Package ifluatex Info: LuaTeX not detected.
Package hobsub Info: Skipping package `ifvtex' (already loaded).
Package: intcalc 2007/09/27 v1.1 Expandable calculations with integers (HO)
Package hobsub Info: Skipping package `ifpdf' (already loaded).
Package: etexcmds 2011/02/16 v1.5 Avoid name clashes with e-TeX commands (HO)
Package etexcmds Info: Could not find \expanded.
(etexcmds)             That can mean that you are not using pdfTeX 1.50 or
(etexcmds)             that some package has redefined \expanded.
(etexcmds)             In the latter case, load this package earlier.
Package: kvsetkeys 2012/04/25 v1.16 Key value parser (HO)
Package: kvdefinekeys 2011/04/07 v1.3 Define keys (HO)
Package: pdftexcmds 2011/11/29 v0.20 Utility functions of pdfTeX for LuaTeX (HO
)
Package pdftexcmds Info: LuaTeX not detected.
Package pdftexcmds Info: \pdf@primitive is available.
Package pdftexcmds Info: \pdf@ifprimitive is available.
Package pdftexcmds Info: \pdfdraftmode found.
Package: pdfescape 2011/11/25 v1.13 Implements pdfTeX's escape features (HO)
Package: bigintcalc 2012/04/08 v1.3 Expandable calculations on big integers (HO
)
Package: bitset 2011/01/30 v1.1 Handle bit-vector datatype (HO)
Package: uniquecounter 2011/01/30 v1.2 Provide unlimited unique counter (HO)
)
Package hobsub Info: Skipping package `hobsub' (already loaded).
Package: letltxmacro 2010/09/02 v1.4 Let assignment for LaTeX macros (HO)
Package: hopatch 2011/06/24 v1.1 Wrapper for package hooks (HO)
Package: xcolor-patch 2011/01/30 xcolor patch
Package: atveryend 2011/06/30 v1.8 Hooks at the very end of document (HO)
Package atveryend Info: \enddocument detected (standard20110627).
Package: atbegshi 2011/10/05 v1.16 At begin shipout hook (HO)
Package: refcount 2011/10/16 v3.4 Data extraction from label references (HO)
Package: hycolor 2011/01/30 v1.7 Color options for hyperref/bookmark (HO)
)
("D:\Program Files (x86)\MiKTeX 2.9\tex\latex\oberdiek\auxhook.sty"
Package: auxhook 2011/03/04 v1.3 Hooks for auxiliary files (HO)
)
("D:\Program Files (x86)\MiKTeX 2.9\tex\latex\oberdiek\kvoptions.sty"
Package: kvoptions 2011/06/30 v3.11 Key value format for package options (HO)
)
\@linkdim=\dimen120
\Hy@linkcounter=\count95
\Hy@pagecounter=\count96

("D:\Program Files (x86)\MiKTeX 2.9\tex\latex\hyperref\pd1enc.def"
File: pd1enc.def 2012/11/06 v6.83m Hyperref: PDFDocEncoding definition (HO)
)
\Hy@SavedSpaceFactor=\count97

("D:\Program Files (x86)\MiKTeX 2.9\tex\latex\00miktex\hyperref.cfg"
File: hyperref.cfg 2002/06/06 v1.2 hyperref configuration of TeXLive
)
Package hyperref Info: Hyper figures OFF on input line 4443.
Package hyperref Info: Link nesting OFF on input line 4448.
Package hyperref Info: Hyper index ON on input line 4451.
Package hyperref Info: Plain pages OFF on input line 4458.
Package hyperref Info: Backreferencing OFF on input line 4463.
Package hyperref Info: Implicit mode ON; LaTeX internals redefined.
Package hyperref Info: Bookmarks ON on input line 4688.
\c@Hy@tempcnt=\count98

(C:\Users\Merlin\AppData\Roaming\MiKTeX\2.9\tex\latex\url\url.sty
\Urlmuskip=\muskip10
Package: url 2013/09/16  ver 3.4  Verb mode for urls, etc.
)
LaTeX Info: Redefining \url on input line 5041.
\XeTeXLinkMargin=\dimen121
\Fld@menulength=\count99
\Field@Width=\dimen122
\Fld@charsize=\dimen123
Package hyperref Info: Hyper figures OFF on input line 6295.
Package hyperref Info: Link nesting OFF on input line 6300.
Package hyperref Info: Hyper index ON on input line 6303.
Package hyperref Info: backreferencing OFF on input line 6310.
Package hyperref Info: Link coloring OFF on input line 6315.
Package hyperref Info: Link coloring with OCG OFF on input line 6320.
Package hyperref Info: PDF/A mode OFF on input line 6325.
LaTeX Info: Redefining \ref on input line 6365.
LaTeX Info: Redefining \pageref on input line 6369.
\Hy@abspage=\count100
\c@Item=\count101
\c@Hfootnote=\count102
)

Package hyperref Message: Driver (autodetected): hpdftex.

("D:\Program Files (x86)\MiKTeX 2.9\tex\latex\hyperref\hpdftex.def"
File: hpdftex.def 2012/11/06 v6.83m Hyperref driver for pdfTeX
\Fld@listcount=\count103
\c@bookmark@seq@number=\count104

("D:\Program Files (x86)\MiKTeX 2.9\tex\latex\oberdiek\rerunfilecheck.sty"
Package: rerunfilecheck 2011/04/15 v1.7 Rerun checks for auxiliary files (HO)
Package uniquecounter Info: New unique counter `rerunfilecheck' on input line 2
82.
)
\Hy@SectionHShift=\skip46
)
(C:\Users\Merlin\AppData\Roaming\MiKTeX\2.9\tex\latex\appendix\appendix.sty
Package: appendix 2009/09/02 v1.2b extra appendix facilities
\c@@pps=\count105
\c@@ppsavesec=\count106
\c@@ppsaveapp=\count107
)
("D:\Program Files (x86)\MiKTeX 2.9\tex\latex\multirow\multirow.sty"
\bigstrutjot=\dimen124
)
("D:\Libaries\Uni Work\Year 3\Part III Project\Docs\Progress Report\progress re
port.aux")
LaTeX Font Info:    Checking defaults for OML/cmm/m/it on input line 16.
LaTeX Font Info:    ... okay on input line 16.
LaTeX Font Info:    Checking defaults for T1/cmr/m/n on input line 16.
LaTeX Font Info:    ... okay on input line 16.
LaTeX Font Info:    Checking defaults for OT1/cmr/m/n on input line 16.
LaTeX Font Info:    ... okay on input line 16.
LaTeX Font Info:    Checking defaults for OMS/cmsy/m/n on input line 16.
LaTeX Font Info:    ... okay on input line 16.
LaTeX Font Info:    Checking defaults for OMX/cmex/m/n on input line 16.
LaTeX Font Info:    ... okay on input line 16.
LaTeX Font Info:    Checking defaults for U/cmr/m/n on input line 16.
LaTeX Font Info:    ... okay on input line 16.
LaTeX Font Info:    Checking defaults for PD1/pdf/m/n on input line 16.
LaTeX Font Info:    ... okay on input line 16.

*geometry* driver: auto-detecting
*geometry* detected driver: pdftex
*geometry* verbose mode - [ preamble ] result:
* driver: pdftex
* paper: a4paper
* layout: <same size as paper>
* layoutoffset:(h,v)=(0.0pt,0.0pt)
* modes: 
* h-part:(L,W,R)=(68.2866pt, 460.93466pt, 68.2866pt)
* v-part:(T,H,B)=(68.2866pt, 708.47363pt, 68.2866pt)
* \paperwidth=597.50787pt
* \paperheight=845.04684pt
* \textwidth=460.93466pt
* \textheight=708.47363pt
* \oddsidemargin=-3.98338pt
* \evensidemargin=-3.98338pt
* \topmargin=-40.98338pt
* \headheight=12.0pt
* \headsep=25.0pt
* \topskip=12.0pt
* \footskip=30.0pt
* \marginparwidth=35.0pt
* \marginparsep=10.0pt
* \columnsep=10.0pt
* \skip\footins=10.8pt plus 4.0pt minus 2.0pt
* \hoffset=0.0pt
* \voffset=0.0pt
* \mag=1000
* \@twocolumnfalse
* \@twosidefalse
* \@mparswitchfalse
* \@reversemarginfalse
* (1in=72.27pt=25.4mm, 1cm=28.453pt)

(C:\Users\Merlin\AppData\Roaming\MiKTeX\2.9\tex\context\base\supp-pdf.mkii
[Loading MPS to PDF converter (version 2006.09.02).]
\scratchcounter=\count108
\scratchdimen=\dimen125
\scratchbox=\box28
\nofMPsegments=\count109
\nofMParguments=\count110
\everyMPshowfont=\toks18
\MPscratchCnt=\count111
\MPscratchDim=\dimen126
\MPnumerator=\count112
\makeMPintoPDFobject=\count113
\everyMPtoPDFconversion=\toks19
)
Package caption Info: Begin \AtBeginDocument code.
Package caption Info: hyperref package is loaded.
Package caption Info: End \AtBeginDocument code.
\AtBeginShipoutBox=\box29
Package hyperref Info: Link coloring OFF on input line 16.
 ("D:\Program Files (x86)\MiKTeX 2.9\tex\latex\hyperref\nameref.sty"
Package: nameref 2012/10/27 v2.43 Cross-referencing by name of section

("D:\Program Files (x86)\MiKTeX 2.9\tex\generic\oberdiek\gettitlestring.sty"
Package: gettitlestring 2010/12/03 v1.4 Cleanup title references (HO)
)
\c@section@level=\count114
)
LaTeX Info: Redefining \ref on input line 16.
LaTeX Info: Redefining \pageref on input line 16.
LaTeX Info: Redefining \nameref on input line 16.

("D:\Libaries\Uni Work\Year 3\Part III Project\Docs\Progress Report\progress re
port.out")
("D:\Libaries\Uni Work\Year 3\Part III Project\Docs\Progress Report\progress re
port.out")
\@outlinefile=\write3
 <fs_silhouette.png, id=79, 391.4625pt x 253.69781pt>
File: fs_silhouette.png Graphic file (type png)

<use fs_silhouette.png>
Package pdftex.def Info: fs_silhouette.png used on input line 32.
(pdftex.def)             Requested size: 322.65285pt x 209.11359pt.
 [1

{C:/Users/Merlin/AppData/Local/MiKTeX/2.9/pdftex/config/pdftex.map} <D:/Libarie
s/Uni Work/Year 3/Part III Project/Docs/Progress Report/fs_silhouette.png>] [0]

("D:\Libaries\Uni Work\Year 3\Part III Project\Docs\Progress Report\progress re
port.toc"
LaTeX Font Info:    External font `cmex10' loaded for size
(Font)              <12> on input line 2.
LaTeX Font Info:    External font `cmex10' loaded for size
(Font)              <8> on input line 2.
LaTeX Font Info:    External font `cmex10' loaded for size
(Font)              <6> on input line 2.
)
\tf@toc=\write4
pdfTeX warning (ext4): destination with the same identifier (name{page.0}) has 
been already used, duplicate ignored
<to be read again> 
                   \relax 
l.59 \clearpage
                [0

]
("D:\Libaries\Uni Work\Year 3\Part III Project\Docs\Progress Report\progress re
port.lof"
Overfull \hbox (28.31625pt too wide) in paragraph at lines 2--2
 [][] [][]\OT1/cmr/m/n/12 Images re-pro-duced from []$\OT1/cmtt/m/n/12 www . sk
ydivespaceland . com / blog / images / creepers2 .$ 
 []

)
\tf@lof=\write5
pdfTeX warning (ext4): destination with the same identifier (name{page.0}) has 
been already used, duplicate ignored
<to be read again> 
                   \relax 
l.63 \clearpage
                [0

] <grips.png, id=183, 792.71156pt x 374.14781pt>
File: grips.png Graphic file (type png)

<use grips.png>
Package pdftex.def Info: grips.png used on input line 74.
(pdftex.def)             Requested size: 414.83838pt x 195.80254pt.
 <creepers.jpg, id=186, 351.3125pt x 235.88126pt>
File: creepers.jpg Graphic file (type jpg)

<use creepers.jpg>
Package pdftex.def Info: creepers.jpg used on input line 87.
(pdftex.def)             Requested size: 207.41919pt x 139.2695pt.
 <creepers_use.jpg, id=187, 276.03125pt x 183.68625pt>
File: creepers_use.jpg Graphic file (type jpg)

<use creepers_use.jpg>
Package pdftex.def Info: creepers_use.jpg used on input line 93.
(pdftex.def)             Requested size: 207.41919pt x 138.0334pt.

Underfull \hbox (badness 10000) in paragraph at lines 97--97
[]\OT1/cmr/m/n/12 Figure 2: |Im-ages re-pro-duced from []$\OT1/cmtt/m/n/12 www 
. skydivespaceland . com / blog / images /$
 []

pdfTeX warning (ext4): destination with the same identifier (name{page.1}) has 
been already used, duplicate ignored
<to be read again> 
                   \relax 
l.100 \noindent
                Another way that FS teams train is to use a vertical (indoor...
[1

 <D:/Libaries/Uni Work/Year 3/Part III Project/Docs/Progress Report/grips.png>]
 <FS_All.png, id=199, 679.78969pt x 679.78969pt>
File: FS_All.png Graphic file (type png)
 <use FS_All.png>
Package pdftex.def Info: FS_All.png used on input line 106.
(pdftex.def)             Requested size: 460.93466pt x 460.93353pt.

<Tunnel_Star.png, id=202, 963.6pt x 542.025pt>
File: Tunnel_Star.png Graphic file (type png)
 <use Tunnel_Star.png>
Package pdftex.def Info: Tunnel_Star.png used on input line 116.
(pdftex.def)             Requested size: 207.41919pt x 116.67369pt.

<Tunnel_Sidebody.png, id=203, 963.6pt x 542.025pt>
File: Tunnel_Sidebody.png Graphic file (type png)
 <use Tunnel_Sidebody.png>
Package pdftex.def Info: Tunnel_Sidebody.png used on input line 120.
(pdftex.def)             Requested size: 207.41919pt x 116.67369pt.

<Tunnel_Phalanx.png, id=204, 963.6pt x 542.025pt>
File: Tunnel_Phalanx.png Graphic file (type png)
 <use Tunnel_Phalanx.png>
Package pdftex.def Info: Tunnel_Phalanx.png used on input line 124.
(pdftex.def)             Requested size: 207.41919pt x 116.67369pt.

<Tunnel_Donut.png, id=205, 963.6pt x 542.025pt>
File: Tunnel_Donut.png Graphic file (type png)
 <use Tunnel_Donut.png>
Package pdftex.def Info: Tunnel_Donut.png used on input line 128.
(pdftex.def)             Requested size: 207.41919pt x 116.67369pt.
 [2 <D:/Libaries/Uni Work/Year 3/Part III Project/Docs/Progress Report/creepers
.jpg> <D:/Libaries/Uni Work/Year 3/Part III Project/Docs/Progress Report/creepe
rs_use.jpg>] [3 <D:/Libaries/Uni Work/Year 3/Part III Project/Docs/Progress Rep
ort/FS_All.png>] <stick_model_fitted.png, id=222, 944.02687pt x 423.83344pt>
File: stick_model_fitted.png Graphic file (type png)

<use stick_model_fitted.png>
Package pdftex.def Info: stick_model_fitted.png used on input line 139.
(pdftex.def)             Requested size: 460.93466pt x 206.94293pt.
 [4 <D:/Libaries/Uni Work/Year 3/Part III Project/Docs/Progress Report/Tunnel_S
tar.png> <D:/Libaries/Uni Work/Year 3/Part III Project/Docs/Progress Report/Tun
nel_Sidebody.png> <D:/Libaries/Uni Work/Year 3/Part III Project/Docs/Progress R
eport/Tunnel_Phalanx.png> <D:/Libaries/Uni Work/Year 3/Part III Project/Docs/Pr
ogress Report/Tunnel_Donut.png> <D:/Libaries/Uni Work/Year 3/Part III Project/D
ocs/Progress Report/stick_model_fitted.png>]
<shape_matrix.png, id=237, 483.30562pt x 192.72pt>
File: shape_matrix.png Graphic file (type png)
 <use shape_matrix.png>
Package pdftex.def Info: shape_matrix.png used on input line 166.
(pdftex.def)             Requested size: 230.46733pt x 91.89876pt.

<generalised_procrastes_ananlysis.png, id=239, 1324.19719pt x 365.86688pt>
File: generalised_procrastes_ananlysis.png Graphic file (type png)

<use generalised_procrastes_ananlysis.png>
Package pdftex.def Info: generalised_procrastes_ananlysis.png used on input lin
e 175.
(pdftex.def)             Requested size: 460.93466pt x 127.3519pt.
 [5 <D:/Libaries/Uni Work/Year 3/Part III Project/Docs/Progress Report/shape_ma
trix.png>]
Underfull \hbox (badness 10000) in paragraph at lines 180--186

 []


Underfull \hbox (badness 10000) in paragraph at lines 188--191

 []

<flow_chart.png, id=255, 393.72093pt x 435.87843pt>
File: flow_chart.png Graphic file (type png)
 <use flow_chart.png>
Package pdftex.def Info: flow_chart.png used on input line 195.
(pdftex.def)             Requested size: 460.93466pt x 510.2883pt.

[6 <D:/Libaries/Uni Work/Year 3/Part III Project/Docs/Progress Report/generalis
ed_procrastes_ananlysis.png>]
<data_collection.png, id=262, 1449.91687pt x 560.8453pt>
File: data_collection.png Graphic file (type png)

<use data_collection.png>
Package pdftex.def Info: data_collection.png used on input line 207.
(pdftex.def)             Requested size: 460.93466pt x 178.29318pt.
 [7 <D:/Libaries/Uni Work/Year 3/Part III Project/Docs/Progress Report/flow_cha
rt.png>]
<initial_matrix.png, id=267, 546.54187pt x 149.05687pt>
File: initial_matrix.png Graphic file (type png)

<use initial_matrix.png>
Package pdftex.def Info: initial_matrix.png used on input line 214.
(pdftex.def)             Requested size: 460.93466pt x 125.70955pt.
Missing character: There is no â in font cmr12!
Missing character: There is no € in font cmr12!
Missing character: There is no “ in font cmr12!
Missing character: There is no â in font cmr12!
Missing character: There is no € in font cmr12!
Missing character: There is no “ in font cmr12!
 [8 <D:/Libaries/Uni Work/Year 3/Part III Project/Docs/Progress Report/data_col
lection.png> <D:/Libaries/Uni Work/Year 3/Part III Project/Docs/Progress Report
/initial_matrix.png>]
LaTeX Font Info:    Try loading font information for OMS+cmr on input line 243.


("D:\Program Files (x86)\MiKTeX 2.9\tex\latex\base\omscmr.fd"
File: omscmr.fd 1999/05/25 v2.5h Standard LaTeX font definitions
)
LaTeX Font Info:    Font shape `OMS/cmr/m/n' in size <12> not available
(Font)              Font shape `OMS/cmsy/m/n' tried instead on input line 243.

<skel_simple.jpg, id=282, 1044.90375pt x 546.54187pt>
File: skel_simple.jpg Graphic file (type jpg)
 <use skel_simple.jpg>
Package pdftex.def Info: skel_simple.jpg used on input line 267.
(pdftex.def)             Requested size: 460.93466pt x 241.09628pt.

Underfull \hbox (badness 10000) in paragraph at lines 261--270

 []

[9] <douglas_peucker.png, id=303, 1040.38687pt x 386.19281pt>
File: douglas_peucker.png Graphic file (type png)

<use douglas_peucker.png>
Package pdftex.def Info: douglas_peucker.png used on input line 276.
(pdftex.def)             Requested size: 460.93466pt x 171.09802pt.

Underfull \hbox (badness 10000) in paragraph at lines 278--278
\OT1/cmr/m/n/12 Modified from []$\OT1/cmtt/m/n/12 http : / / upload . wikimedia
 . org / wikipedia / commons / 9 / 91 / Douglas _$
 []

[10 <D:/Libaries/Uni Work/Year 3/Part III Project/Docs/Progress Report/skel_sim
ple.jpg>] <skel_src.jpg, id=311, 5203.44pt x 3468.96pt>
File: skel_src.jpg Graphic file (type jpg)
 <use skel_src.jpg>
Package pdftex.def Info: skel_src.jpg used on input line 303.
(pdftex.def)             Requested size: 218.94325pt x 145.93352pt.

<skel_src_mask.jpg, id=312, 1443.89438pt x 760.34062pt>
File: skel_src_mask.jpg Graphic file (type jpg)

<use skel_src_mask.jpg>
Package pdftex.def Info: skel_src_mask.jpg used on input line 310.
(pdftex.def)             Requested size: 218.94325pt x 115.28757pt.
 <skel.jpg, id=313, 1473.8467pt x 778.82457pt>
File: skel.jpg Graphic file (type jpg)

<use skel.jpg>
Package pdftex.def Info: skel.jpg used on input line 317.
(pdftex.def)             Requested size: 460.93466pt x 243.57222pt.
 <skel_reduced.jpg, id=314, 1443.14156pt x 761.84625pt>
File: skel_reduced.jpg Graphic file (type jpg)

<use skel_reduced.jpg>
Package pdftex.def Info: skel_reduced.jpg used on input line 324.
(pdftex.def)             Requested size: 460.93466pt x 243.33078pt.
 [11 <D:/Libaries/Uni Work/Year 3/Part III Project/Docs/Progress Report/douglas
_peucker.png>]
Overfull \vbox (9.66284pt too high) has occurred while \output is active []


[12 <D:/Libaries/Uni Work/Year 3/Part III Project/Docs/Progress Report/skel_src
.jpg> <D:/Libaries/Uni Work/Year 3/Part III Project/Docs/Progress Report/skel_s
rc_mask.jpg> <D:/Libaries/Uni Work/Year 3/Part III Project/Docs/Progress Report
/skel.jpg> <D:/Libaries/Uni Work/Year 3/Part III Project/Docs/Progress Report/s
kel_reduced.jpg>] [13]
Missing character: There is no â in font cmr12!
Missing character: There is no € in font cmr12!
Missing character: There is no “ in font cmr12!
Missing character: There is no â in font cmr12!
Missing character: There is no € in font cmr12!
Missing character: There is no “ in font cmr12!

Underfull \hbox (badness 4217) in paragraph at lines 416--422
[]\OT1/cmr/m/n/12 Qt Project, "Qt Ref-er-ence Pages", Qt-Doc 5.3, []$\OT1/cmtt/
m/n/12 http : / / docs . opencv . org /$
 []


Underfull \hbox (badness 10000) in paragraph at lines 448--455
[]$\OT1/cmtt/m/n/12 http : / / www . intechopen . com / books / scene _ reconst
ruction _ pose _ estimation _$
 []


Underfull \hbox (badness 10000) in paragraph at lines 448--455
$\OT1/cmtt/m/n/12 and _ tracking / an _ introduction _ to _ model-[]based _ pos
e _ estimation _ and _ 3-[]d _$
 []

[14

] [15] <Gantt_initial_split.png, id=353, 802.49812pt x 863.47594pt>
File: Gantt_initial_split.png Graphic file (type png)

<use Gantt_initial_split.png>
Package pdftex.def Info: Gantt_initial_split.png used on input line 468.
(pdftex.def)             Requested size: 460.93466pt x 495.96779pt.

<Gantt_new_split.png, id=355, 805.50937pt x 649.67719pt>
File: Gantt_new_split.png Graphic file (type png)

<use Gantt_new_split.png>
Package pdftex.def Info: Gantt_new_split.png used on input line 478.
(pdftex.def)             Requested size: 460.93466pt x 371.75726pt.
Package atveryend Info: Empty hook `BeforeClearDocument' on input line 486.
 [16

 <D:/Libaries/Uni Work/Year 3/Part III Project/Docs/Progress Report/Gantt_initi
al_split.png>] [17 <D:/Libaries/Uni Work/Year 3/Part III Project/Docs/Progress 
Report/Gantt_new_split.png>]
Package atveryend Info: Empty hook `AfterLastShipout' on input line 486.

("D:\Libaries\Uni Work\Year 3\Part III Project\Docs\Progress Report\progress re
port.aux")
Package atveryend Info: Executing hook `AtVeryEndDocument' on input line 486.
Package atveryend Info: Executing hook `AtEndAfterFileList' on input line 486.
Package rerunfilecheck Info: File `progress*report.out' has not changed.
(rerunfilecheck)             Checksum: <no file>.
Package atveryend Info: Empty hook `AtVeryVeryEnd' on input line 486.
 )
(\end occurred inside a group at level 1)

### simple group (level 1) entered at line 144 ({)
### bottom level
(\end occurred when \ifx on line 144 was incomplete)
(\end occurred when \ifx on line 144 was incomplete) 
Here is how much of TeX's memory you used:
 6966 strings out of 493921
 108772 string characters out of 3144873
 202754 words of memory out of 3000000
 10102 multiletter control sequences out of 15000+200000
 10294 words of font info for 36 fonts, out of 3000000 for 9000
 841 hyphenation exceptions out of 8191
 36i,15n,38p,1184b,502s stack positions out of 5000i,500n,10000p,200000b,50000s
<D:/Program Files (x86)/MiK
TeX 2.9/fonts/type1/public/amsfonts/cm/cmbx12.pfb><D:/Program Files (x86)/MiKTe
X 2.9/fonts/type1/public/amsfonts/cm/cmbxti10.pfb><D:/Program Files (x86)/MiKTe
X 2.9/fonts/type1/public/amsfonts/cm/cmmi12.pfb><D:/Program Files (x86)/MiKTeX 
2.9/fonts/type1/public/amsfonts/cm/cmr10.pfb><D:/Program Files (x86)/MiKTeX 2.9
/fonts/type1/public/amsfonts/cm/cmr12.pfb><D:/Program Files (x86)/MiKTeX 2.9/fo
nts/type1/public/amsfonts/cm/cmr17.pfb><D:/Program Files (x86)/MiKTeX 2.9/fonts
/type1/public/amsfonts/cm/cmsy10.pfb><D:/Program Files (x86)/MiKTeX 2.9/fonts/t
ype1/public/amsfonts/cm/cmtt12.pfb>
Output written on "progress report.pdf" (21 pages, 16914526 bytes).
PDF statistics:
 411 PDF objects out of 1000 (max. 8388607)
 84 named destinations out of 1000 (max. 500000)
 268 words of extra memory for PDF output out of 10000 (max. 10000000)

